{"C:\\Users\\avery\\OneDrive\\Desktop\\CPSC 310\\project_team110\\src\\controller\\InsightFacade.ts":{"path":"C:\\Users\\avery\\OneDrive\\Desktop\\CPSC 310\\project_team110\\src\\controller\\InsightFacade.ts","statementMap":{"0":{"start":{"line":2,"column":22},"end":{"line":8,"column":3}},"1":{"start":{"line":3,"column":4},"end":{"line":3,"column":33}},"2":{"start":{"line":3,"column":26},"end":{"line":3,"column":33}},"3":{"start":{"line":4,"column":4},"end":{"line":4,"column":89}},"4":{"start":{"line":4,"column":71},"end":{"line":4,"column":83}},"5":{"start":{"line":6,"column":4},"end":{"line":6,"column":33}},"6":{"start":{"line":6,"column":26},"end":{"line":6,"column":33}},"7":{"start":{"line":7,"column":4},"end":{"line":7,"column":17}},"8":{"start":{"line":9,"column":25},"end":{"line":13,"column":2}},"9":{"start":{"line":10,"column":4},"end":{"line":10,"column":72}},"10":{"start":{"line":12,"column":4},"end":{"line":12,"column":21}},"11":{"start":{"line":14,"column":19},"end":{"line":20,"column":1}},"12":{"start":{"line":15,"column":4},"end":{"line":15,"column":42}},"13":{"start":{"line":15,"column":31},"end":{"line":15,"column":42}},"14":{"start":{"line":16,"column":17},"end":{"line":16,"column":19}},"15":{"start":{"line":17,"column":4},"end":{"line":17,"column":141}},"16":{"start":{"line":17,"column":21},"end":{"line":17,"column":141}},"17":{"start":{"line":17,"column":40},"end":{"line":17,"column":141}},"18":{"start":{"line":17,"column":109},"end":{"line":17,"column":141}},"19":{"start":{"line":18,"column":4},"end":{"line":18,"column":36}},"20":{"start":{"line":19,"column":4},"end":{"line":19,"column":18}},"21":{"start":{"line":21,"column":0},"end":{"line":21,"column":62}},"22":{"start":{"line":22,"column":25},"end":{"line":22,"column":52}},"23":{"start":{"line":23,"column":14},"end":{"line":23,"column":30}},"24":{"start":{"line":24,"column":16},"end":{"line":24,"column":34}},"25":{"start":{"line":25,"column":25},"end":{"line":25,"column":52}},"26":{"start":{"line":26,"column":15},"end":{"line":26,"column":32}},"27":{"start":{"line":27,"column":20},"end":{"line":27,"column":42}},"28":{"start":{"line":28,"column":10},"end":{"line":28,"column":43}},"29":{"start":{"line":31,"column":8},"end":{"line":31,"column":30}},"30":{"start":{"line":34,"column":18},"end":{"line":34,"column":20}},"31":{"start":{"line":35,"column":23},"end":{"line":35,"column":25}},"32":{"start":{"line":36,"column":20},"end":{"line":36,"column":21}},"33":{"start":{"line":38,"column":8},"end":{"line":40,"column":9}},"34":{"start":{"line":39,"column":12},"end":{"line":39,"column":84}},"35":{"start":{"line":41,"column":18},"end":{"line":41,"column":66}},"36":{"start":{"line":42,"column":8},"end":{"line":42,"column":35}},"37":{"start":{"line":43,"column":8},"end":{"line":83,"column":11}},"38":{"start":{"line":44,"column":12},"end":{"line":80,"column":13}},"39":{"start":{"line":45,"column":16},"end":{"line":53,"column":19}},"40":{"start":{"line":46,"column":20},"end":{"line":52,"column":24}},"41":{"start":{"line":47,"column":35},"end":{"line":47,"column":67}},"42":{"start":{"line":48,"column":24},"end":{"line":51,"column":25}},"43":{"start":{"line":49,"column":28},"end":{"line":49,"column":48}},"44":{"start":{"line":50,"column":28},"end":{"line":50,"column":57}},"45":{"start":{"line":54,"column":16},"end":{"line":62,"column":19}},"46":{"start":{"line":55,"column":20},"end":{"line":61,"column":21}},"47":{"start":{"line":56,"column":24},"end":{"line":56,"column":95}},"48":{"start":{"line":59,"column":24},"end":{"line":59,"column":93}},"49":{"start":{"line":60,"column":24},"end":{"line":60,"column":38}},"50":{"start":{"line":64,"column":17},"end":{"line":80,"column":13}},"51":{"start":{"line":65,"column":16},"end":{"line":67,"column":20}},"52":{"start":{"line":66,"column":20},"end":{"line":66,"column":53}},"53":{"start":{"line":68,"column":16},"end":{"line":72,"column":19}},"54":{"start":{"line":69,"column":20},"end":{"line":71,"column":24}},"55":{"start":{"line":70,"column":24},"end":{"line":70,"column":53}},"56":{"start":{"line":73,"column":16},"end":{"line":76,"column":19}},"57":{"start":{"line":74,"column":20},"end":{"line":74,"column":104}},"58":{"start":{"line":75,"column":20},"end":{"line":75,"column":34}},"59":{"start":{"line":79,"column":16},"end":{"line":79,"column":102}},"60":{"start":{"line":82,"column":12},"end":{"line":82,"column":98}},"61":{"start":{"line":86,"column":8},"end":{"line":91,"column":9}},"62":{"start":{"line":87,"column":12},"end":{"line":87,"column":108}},"63":{"start":{"line":89,"column":13},"end":{"line":91,"column":9}},"64":{"start":{"line":90,"column":12},"end":{"line":90,"column":105}},"65":{"start":{"line":92,"column":8},"end":{"line":102,"column":9}},"66":{"start":{"line":93,"column":24},"end":{"line":93,"column":48}},"67":{"start":{"line":94,"column":12},"end":{"line":98,"column":15}},"68":{"start":{"line":95,"column":16},"end":{"line":97,"column":17}},"69":{"start":{"line":96,"column":20},"end":{"line":96,"column":59}},"70":{"start":{"line":101,"column":12},"end":{"line":101,"column":88}},"71":{"start":{"line":103,"column":8},"end":{"line":103,"column":35}},"72":{"start":{"line":106,"column":8},"end":{"line":106,"column":71}},"73":{"start":{"line":107,"column":8},"end":{"line":107,"column":47}},"74":{"start":{"line":110,"column":20},"end":{"line":110,"column":59}},"75":{"start":{"line":111,"column":19},"end":{"line":111,"column":37}},"76":{"start":{"line":112,"column":8},"end":{"line":114,"column":9}},"77":{"start":{"line":113,"column":12},"end":{"line":113,"column":85}},"78":{"start":{"line":115,"column":18},"end":{"line":115,"column":25}},"79":{"start":{"line":116,"column":8},"end":{"line":118,"column":9}},"80":{"start":{"line":117,"column":12},"end":{"line":117,"column":31}},"81":{"start":{"line":119,"column":8},"end":{"line":144,"column":9}},"82":{"start":{"line":121,"column":16},"end":{"line":121,"column":111}},"83":{"start":{"line":124,"column":16},"end":{"line":124,"column":104}},"84":{"start":{"line":127,"column":16},"end":{"line":127,"column":106}},"85":{"start":{"line":130,"column":16},"end":{"line":130,"column":111}},"86":{"start":{"line":133,"column":16},"end":{"line":133,"column":108}},"87":{"start":{"line":136,"column":16},"end":{"line":136,"column":77}},"88":{"start":{"line":139,"column":16},"end":{"line":139,"column":85}},"89":{"start":{"line":142,"column":16},"end":{"line":142,"column":89}},"90":{"start":{"line":147,"column":8},"end":{"line":149,"column":9}},"91":{"start":{"line":148,"column":12},"end":{"line":148,"column":96}},"92":{"start":{"line":150,"column":19},"end":{"line":150,"column":37}},"93":{"start":{"line":151,"column":8},"end":{"line":155,"column":9}},"94":{"start":{"line":152,"column":12},"end":{"line":154,"column":13}},"95":{"start":{"line":153,"column":16},"end":{"line":153,"column":101}},"96":{"start":{"line":157,"column":21},"end":{"line":157,"column":23}},"97":{"start":{"line":158,"column":8},"end":{"line":194,"column":9}},"98":{"start":{"line":159,"column":26},"end":{"line":159,"column":42}},"99":{"start":{"line":160,"column":12},"end":{"line":165,"column":13}},"100":{"start":{"line":161,"column":16},"end":{"line":161,"column":42}},"101":{"start":{"line":162,"column":16},"end":{"line":164,"column":17}},"102":{"start":{"line":163,"column":20},"end":{"line":163,"column":109}},"103":{"start":{"line":166,"column":12},"end":{"line":168,"column":13}},"104":{"start":{"line":167,"column":16},"end":{"line":167,"column":90}},"105":{"start":{"line":169,"column":12},"end":{"line":184,"column":13}},"106":{"start":{"line":170,"column":29},"end":{"line":170,"column":31}},"107":{"start":{"line":171,"column":16},"end":{"line":182,"column":17}},"108":{"start":{"line":172,"column":37},"end":{"line":172,"column":56}},"109":{"start":{"line":173,"column":20},"end":{"line":175,"column":21}},"110":{"start":{"line":174,"column":24},"end":{"line":174,"column":116}},"111":{"start":{"line":176,"column":20},"end":{"line":178,"column":21}},"112":{"start":{"line":177,"column":24},"end":{"line":177,"column":99}},"113":{"start":{"line":179,"column":31},"end":{"line":179,"column":36}},"114":{"start":{"line":180,"column":20},"end":{"line":180,"column":91}},"115":{"start":{"line":181,"column":20},"end":{"line":181,"column":46}},"116":{"start":{"line":183,"column":16},"end":{"line":183,"column":36}},"117":{"start":{"line":185,"column":12},"end":{"line":190,"column":13}},"118":{"start":{"line":186,"column":16},"end":{"line":188,"column":17}},"119":{"start":{"line":187,"column":20},"end":{"line":187,"column":119}},"120":{"start":{"line":189,"column":16},"end":{"line":189,"column":82}},"121":{"start":{"line":193,"column":12},"end":{"line":193,"column":101}},"122":{"start":{"line":195,"column":8},"end":{"line":195,"column":39}},"123":{"start":{"line":198,"column":8},"end":{"line":243,"column":9}},"124":{"start":{"line":199,"column":12},"end":{"line":201,"column":13}},"125":{"start":{"line":200,"column":16},"end":{"line":200,"column":108}},"126":{"start":{"line":202,"column":24},"end":{"line":202,"column":38}},"127":{"start":{"line":203,"column":12},"end":{"line":205,"column":13}},"128":{"start":{"line":204,"column":16},"end":{"line":204,"column":104}},"129":{"start":{"line":206,"column":25},"end":{"line":206,"column":43}},"130":{"start":{"line":207,"column":24},"end":{"line":207,"column":26}},"131":{"start":{"line":208,"column":12},"end":{"line":220,"column":13}},"132":{"start":{"line":209,"column":32},"end":{"line":209,"column":65}},"133":{"start":{"line":210,"column":16},"end":{"line":210,"column":40}},"134":{"start":{"line":211,"column":32},"end":{"line":211,"column":76}},"135":{"start":{"line":212,"column":43},"end":{"line":212,"column":96}},"136":{"start":{"line":213,"column":16},"end":{"line":215,"column":17}},"137":{"start":{"line":214,"column":20},"end":{"line":214,"column":134}},"138":{"start":{"line":216,"column":16},"end":{"line":218,"column":17}},"139":{"start":{"line":217,"column":20},"end":{"line":217,"column":118}},"140":{"start":{"line":219,"column":16},"end":{"line":219,"column":103}},"141":{"start":{"line":221,"column":25},"end":{"line":221,"column":54}},"142":{"start":{"line":222,"column":30},"end":{"line":222,"column":44}},"143":{"start":{"line":223,"column":25},"end":{"line":223,"column":27}},"144":{"start":{"line":224,"column":12},"end":{"line":235,"column":13}},"145":{"start":{"line":225,"column":27},"end":{"line":225,"column":29}},"146":{"start":{"line":226,"column":16},"end":{"line":226,"column":111}},"147":{"start":{"line":227,"column":16},"end":{"line":233,"column":17}},"148":{"start":{"line":228,"column":20},"end":{"line":230,"column":21}},"149":{"start":{"line":229,"column":24},"end":{"line":229,"column":125}},"150":{"start":{"line":231,"column":20},"end":{"line":231,"column":86}},"151":{"start":{"line":232,"column":20},"end":{"line":232,"column":76}},"152":{"start":{"line":234,"column":16},"end":{"line":234,"column":34}},"153":{"start":{"line":236,"column":12},"end":{"line":236,"column":32}},"154":{"start":{"line":237,"column":12},"end":{"line":237,"column":34}},"155":{"start":{"line":238,"column":12},"end":{"line":238,"column":31}},"156":{"start":{"line":239,"column":12},"end":{"line":239,"column":44}},"157":{"start":{"line":242,"column":12},"end":{"line":242,"column":104}},"158":{"start":{"line":246,"column":8},"end":{"line":267,"column":9}},"159":{"start":{"line":248,"column":12},"end":{"line":248,"column":86}},"160":{"start":{"line":251,"column":12},"end":{"line":266,"column":15}},"161":{"start":{"line":252,"column":16},"end":{"line":260,"column":17}},"162":{"start":{"line":253,"column":20},"end":{"line":256,"column":23}},"163":{"start":{"line":255,"column":24},"end":{"line":255,"column":71}},"164":{"start":{"line":259,"column":20},"end":{"line":259,"column":72}},"165":{"start":{"line":262,"column":16},"end":{"line":264,"column":17}},"166":{"start":{"line":263,"column":20},"end":{"line":263,"column":47}},"167":{"start":{"line":265,"column":16},"end":{"line":265,"column":89}},"168":{"start":{"line":270,"column":19},"end":{"line":270,"column":21}},"169":{"start":{"line":271,"column":8},"end":{"line":285,"column":9}},"170":{"start":{"line":272,"column":22},"end":{"line":272,"column":46}},"171":{"start":{"line":273,"column":12},"end":{"line":281,"column":15}},"172":{"start":{"line":274,"column":16},"end":{"line":280,"column":17}},"173":{"start":{"line":275,"column":31},"end":{"line":275,"column":86}},"174":{"start":{"line":276,"column":20},"end":{"line":279,"column":21}},"175":{"start":{"line":277,"column":35},"end":{"line":277,"column":44}},"176":{"start":{"line":278,"column":24},"end":{"line":278,"column":40}},"177":{"start":{"line":284,"column":12},"end":{"line":284,"column":41}},"178":{"start":{"line":286,"column":8},"end":{"line":286,"column":37}},"179":{"start":{"line":289,"column":19},"end":{"line":289,"column":41}},"180":{"start":{"line":290,"column":8},"end":{"line":292,"column":9}},"181":{"start":{"line":291,"column":12},"end":{"line":291,"column":27}},"182":{"start":{"line":293,"column":8},"end":{"line":293,"column":25}},"183":{"start":{"line":296,"column":0},"end":{"line":296,"column":32}},"184":{"start":{"line":297,"column":0},"end":{"line":299,"column":12}},"185":{"start":{"line":300,"column":0},"end":{"line":300,"column":125}}},"fnMap":{"0":{"name":"(anonymous_0)","decl":{"start":{"line":2,"column":74},"end":{"line":2,"column":75}},"loc":{"start":{"line":2,"column":96},"end":{"line":5,"column":1}},"line":2},"1":{"name":"(anonymous_1)","decl":{"start":{"line":4,"column":58},"end":{"line":4,"column":59}},"loc":{"start":{"line":4,"column":69},"end":{"line":4,"column":85}},"line":4},"2":{"name":"(anonymous_2)","decl":{"start":{"line":5,"column":6},"end":{"line":5,"column":7}},"loc":{"start":{"line":5,"column":28},"end":{"line":8,"column":1}},"line":5},"3":{"name":"(anonymous_3)","decl":{"start":{"line":9,"column":80},"end":{"line":9,"column":81}},"loc":{"start":{"line":9,"column":95},"end":{"line":11,"column":1}},"line":9},"4":{"name":"(anonymous_4)","decl":{"start":{"line":11,"column":5},"end":{"line":11,"column":6}},"loc":{"start":{"line":11,"column":20},"end":{"line":13,"column":1}},"line":11},"5":{"name":"(anonymous_5)","decl":{"start":{"line":14,"column":50},"end":{"line":14,"column":51}},"loc":{"start":{"line":14,"column":65},"end":{"line":20,"column":1}},"line":14},"6":{"name":"(anonymous_6)","decl":{"start":{"line":30,"column":4},"end":{"line":30,"column":5}},"loc":{"start":{"line":30,"column":18},"end":{"line":32,"column":5}},"line":30},"7":{"name":"(anonymous_7)","decl":{"start":{"line":33,"column":4},"end":{"line":33,"column":5}},"loc":{"start":{"line":33,"column":40},"end":{"line":84,"column":5}},"line":33},"8":{"name":"(anonymous_8)","decl":{"start":{"line":43,"column":27},"end":{"line":43,"column":28}},"loc":{"start":{"line":43,"column":48},"end":{"line":81,"column":9}},"line":43},"9":{"name":"(anonymous_9)","decl":{"start":{"line":45,"column":47},"end":{"line":45,"column":48}},"loc":{"start":{"line":45,"column":71},"end":{"line":53,"column":17}},"line":45},"10":{"name":"(anonymous_10)","decl":{"start":{"line":46,"column":98},"end":{"line":46,"column":99}},"loc":{"start":{"line":46,"column":110},"end":{"line":52,"column":21}},"line":46},"11":{"name":"(anonymous_11)","decl":{"start":{"line":54,"column":43},"end":{"line":54,"column":44}},"loc":{"start":{"line":54,"column":60},"end":{"line":62,"column":17}},"line":54},"12":{"name":"(anonymous_12)","decl":{"start":{"line":65,"column":91},"end":{"line":65,"column":92}},"loc":{"start":{"line":65,"column":103},"end":{"line":67,"column":17}},"line":65},"13":{"name":"(anonymous_13)","decl":{"start":{"line":68,"column":86},"end":{"line":68,"column":87}},"loc":{"start":{"line":68,"column":102},"end":{"line":72,"column":17}},"line":68},"14":{"name":"(anonymous_14)","decl":{"start":{"line":69,"column":76},"end":{"line":69,"column":77}},"loc":{"start":{"line":69,"column":86},"end":{"line":71,"column":21}},"line":69},"15":{"name":"(anonymous_15)","decl":{"start":{"line":73,"column":43},"end":{"line":73,"column":44}},"loc":{"start":{"line":73,"column":60},"end":{"line":76,"column":17}},"line":73},"16":{"name":"(anonymous_16)","decl":{"start":{"line":81,"column":17},"end":{"line":81,"column":18}},"loc":{"start":{"line":81,"column":23},"end":{"line":83,"column":9}},"line":81},"17":{"name":"(anonymous_17)","decl":{"start":{"line":85,"column":4},"end":{"line":85,"column":5}},"loc":{"start":{"line":85,"column":22},"end":{"line":104,"column":5}},"line":85},"18":{"name":"(anonymous_18)","decl":{"start":{"line":94,"column":26},"end":{"line":94,"column":27}},"loc":{"start":{"line":94,"column":39},"end":{"line":98,"column":13}},"line":94},"19":{"name":"(anonymous_19)","decl":{"start":{"line":105,"column":4},"end":{"line":105,"column":5}},"loc":{"start":{"line":105,"column":25},"end":{"line":108,"column":5}},"line":105},"20":{"name":"(anonymous_20)","decl":{"start":{"line":109,"column":4},"end":{"line":109,"column":5}},"loc":{"start":{"line":109,"column":32},"end":{"line":145,"column":5}},"line":109},"21":{"name":"(anonymous_21)","decl":{"start":{"line":146,"column":4},"end":{"line":146,"column":5}},"loc":{"start":{"line":146,"column":28},"end":{"line":196,"column":5}},"line":146},"22":{"name":"(anonymous_22)","decl":{"start":{"line":197,"column":4},"end":{"line":197,"column":5}},"loc":{"start":{"line":197,"column":60},"end":{"line":244,"column":5}},"line":197},"23":{"name":"(anonymous_23)","decl":{"start":{"line":245,"column":4},"end":{"line":245,"column":5}},"loc":{"start":{"line":245,"column":24},"end":{"line":268,"column":5}},"line":245},"24":{"name":"(anonymous_24)","decl":{"start":{"line":251,"column":62},"end":{"line":251,"column":63}},"loc":{"start":{"line":251,"column":80},"end":{"line":261,"column":13}},"line":251},"25":{"name":"(anonymous_25)","decl":{"start":{"line":254,"column":30},"end":{"line":254,"column":31}},"loc":{"start":{"line":254,"column":43},"end":{"line":256,"column":21}},"line":254},"26":{"name":"(anonymous_26)","decl":{"start":{"line":261,"column":21},"end":{"line":261,"column":22}},"loc":{"start":{"line":261,"column":30},"end":{"line":266,"column":13}},"line":261},"27":{"name":"(anonymous_27)","decl":{"start":{"line":269,"column":4},"end":{"line":269,"column":5}},"loc":{"start":{"line":269,"column":19},"end":{"line":287,"column":5}},"line":269},"28":{"name":"(anonymous_28)","decl":{"start":{"line":273,"column":24},"end":{"line":273,"column":25}},"loc":{"start":{"line":273,"column":37},"end":{"line":281,"column":13}},"line":273},"29":{"name":"(anonymous_29)","decl":{"start":{"line":288,"column":4},"end":{"line":288,"column":5}},"loc":{"start":{"line":288,"column":24},"end":{"line":294,"column":5}},"line":288}},"branchMap":{"0":{"loc":{"start":{"line":2,"column":22},"end":{"line":8,"column":3}},"type":"binary-expr","locations":[{"start":{"line":2,"column":23},"end":{"line":2,"column":27}},{"start":{"line":2,"column":31},"end":{"line":2,"column":51}},{"start":{"line":2,"column":57},"end":{"line":8,"column":2}}],"line":2},"1":{"loc":{"start":{"line":2,"column":57},"end":{"line":8,"column":2}},"type":"cond-expr","locations":[{"start":{"line":2,"column":74},"end":{"line":5,"column":1}},{"start":{"line":5,"column":6},"end":{"line":8,"column":1}}],"line":2},"2":{"loc":{"start":{"line":3,"column":4},"end":{"line":3,"column":33}},"type":"if","locations":[{"start":{"line":3,"column":4},"end":{"line":3,"column":33}},{"start":{"line":3,"column":4},"end":{"line":3,"column":33}}],"line":3},"3":{"loc":{"start":{"line":6,"column":4},"end":{"line":6,"column":33}},"type":"if","locations":[{"start":{"line":6,"column":4},"end":{"line":6,"column":33}},{"start":{"line":6,"column":4},"end":{"line":6,"column":33}}],"line":6},"4":{"loc":{"start":{"line":9,"column":25},"end":{"line":13,"column":2}},"type":"binary-expr","locations":[{"start":{"line":9,"column":26},"end":{"line":9,"column":30}},{"start":{"line":9,"column":34},"end":{"line":9,"column":57}},{"start":{"line":9,"column":63},"end":{"line":13,"column":1}}],"line":9},"5":{"loc":{"start":{"line":9,"column":63},"end":{"line":13,"column":1}},"type":"cond-expr","locations":[{"start":{"line":9,"column":80},"end":{"line":11,"column":1}},{"start":{"line":11,"column":5},"end":{"line":13,"column":1}}],"line":9},"6":{"loc":{"start":{"line":14,"column":19},"end":{"line":20,"column":1}},"type":"binary-expr","locations":[{"start":{"line":14,"column":20},"end":{"line":14,"column":24}},{"start":{"line":14,"column":28},"end":{"line":14,"column":45}},{"start":{"line":14,"column":50},"end":{"line":20,"column":1}}],"line":14},"7":{"loc":{"start":{"line":15,"column":4},"end":{"line":15,"column":42}},"type":"if","locations":[{"start":{"line":15,"column":4},"end":{"line":15,"column":42}},{"start":{"line":15,"column":4},"end":{"line":15,"column":42}}],"line":15},"8":{"loc":{"start":{"line":15,"column":8},"end":{"line":15,"column":29}},"type":"binary-expr","locations":[{"start":{"line":15,"column":8},"end":{"line":15,"column":11}},{"start":{"line":15,"column":15},"end":{"line":15,"column":29}}],"line":15},"9":{"loc":{"start":{"line":17,"column":4},"end":{"line":17,"column":141}},"type":"if","locations":[{"start":{"line":17,"column":4},"end":{"line":17,"column":141}},{"start":{"line":17,"column":4},"end":{"line":17,"column":141}}],"line":17},"10":{"loc":{"start":{"line":17,"column":40},"end":{"line":17,"column":141}},"type":"if","locations":[{"start":{"line":17,"column":40},"end":{"line":17,"column":141}},{"start":{"line":17,"column":40},"end":{"line":17,"column":141}}],"line":17},"11":{"loc":{"start":{"line":17,"column":44},"end":{"line":17,"column":107}},"type":"binary-expr","locations":[{"start":{"line":17,"column":44},"end":{"line":17,"column":59}},{"start":{"line":17,"column":63},"end":{"line":17,"column":107}}],"line":17},"12":{"loc":{"start":{"line":38,"column":8},"end":{"line":40,"column":9}},"type":"if","locations":[{"start":{"line":38,"column":8},"end":{"line":40,"column":9}},{"start":{"line":38,"column":8},"end":{"line":40,"column":9}}],"line":38},"13":{"loc":{"start":{"line":38,"column":12},"end":{"line":38,"column":92}},"type":"binary-expr","locations":[{"start":{"line":38,"column":12},"end":{"line":38,"column":50}},{"start":{"line":38,"column":54},"end":{"line":38,"column":92}}],"line":38},"14":{"loc":{"start":{"line":44,"column":12},"end":{"line":80,"column":13}},"type":"if","locations":[{"start":{"line":44,"column":12},"end":{"line":80,"column":13}},{"start":{"line":44,"column":12},"end":{"line":80,"column":13}}],"line":44},"15":{"loc":{"start":{"line":44,"column":16},"end":{"line":44,"column":148}},"type":"binary-expr","locations":[{"start":{"line":44,"column":16},"end":{"line":44,"column":68}},{"start":{"line":44,"column":72},"end":{"line":44,"column":109}},{"start":{"line":44,"column":113},"end":{"line":44,"column":148}}],"line":44},"16":{"loc":{"start":{"line":48,"column":24},"end":{"line":51,"column":25}},"type":"if","locations":[{"start":{"line":48,"column":24},"end":{"line":51,"column":25}},{"start":{"line":48,"column":24},"end":{"line":51,"column":25}}],"line":48},"17":{"loc":{"start":{"line":55,"column":20},"end":{"line":61,"column":21}},"type":"if","locations":[{"start":{"line":55,"column":20},"end":{"line":61,"column":21}},{"start":{"line":55,"column":20},"end":{"line":61,"column":21}}],"line":55},"18":{"loc":{"start":{"line":64,"column":17},"end":{"line":80,"column":13}},"type":"if","locations":[{"start":{"line":64,"column":17},"end":{"line":80,"column":13}},{"start":{"line":64,"column":17},"end":{"line":80,"column":13}}],"line":64},"19":{"loc":{"start":{"line":64,"column":21},"end":{"line":64,"column":151}},"type":"binary-expr","locations":[{"start":{"line":64,"column":21},"end":{"line":64,"column":71}},{"start":{"line":64,"column":75},"end":{"line":64,"column":112}},{"start":{"line":64,"column":116},"end":{"line":64,"column":151}}],"line":64},"20":{"loc":{"start":{"line":86,"column":8},"end":{"line":91,"column":9}},"type":"if","locations":[{"start":{"line":86,"column":8},"end":{"line":91,"column":9}},{"start":{"line":86,"column":8},"end":{"line":91,"column":9}}],"line":86},"21":{"loc":{"start":{"line":89,"column":13},"end":{"line":91,"column":9}},"type":"if","locations":[{"start":{"line":89,"column":13},"end":{"line":91,"column":9}},{"start":{"line":89,"column":13},"end":{"line":91,"column":9}}],"line":89},"22":{"loc":{"start":{"line":95,"column":16},"end":{"line":97,"column":17}},"type":"if","locations":[{"start":{"line":95,"column":16},"end":{"line":97,"column":17}},{"start":{"line":95,"column":16},"end":{"line":97,"column":17}}],"line":95},"23":{"loc":{"start":{"line":112,"column":8},"end":{"line":114,"column":9}},"type":"if","locations":[{"start":{"line":112,"column":8},"end":{"line":114,"column":9}},{"start":{"line":112,"column":8},"end":{"line":114,"column":9}}],"line":112},"24":{"loc":{"start":{"line":116,"column":8},"end":{"line":118,"column":9}},"type":"if","locations":[{"start":{"line":116,"column":8},"end":{"line":118,"column":9}},{"start":{"line":116,"column":8},"end":{"line":118,"column":9}}],"line":116},"25":{"loc":{"start":{"line":116,"column":12},"end":{"line":116,"column":31}},"type":"binary-expr","locations":[{"start":{"line":116,"column":12},"end":{"line":116,"column":15}},{"start":{"line":116,"column":19},"end":{"line":116,"column":31}}],"line":116},"26":{"loc":{"start":{"line":119,"column":8},"end":{"line":144,"column":9}},"type":"switch","locations":[{"start":{"line":120,"column":12},"end":{"line":122,"column":13}},{"start":{"line":123,"column":12},"end":{"line":125,"column":13}},{"start":{"line":126,"column":12},"end":{"line":128,"column":13}},{"start":{"line":129,"column":12},"end":{"line":131,"column":13}},{"start":{"line":132,"column":12},"end":{"line":134,"column":13}},{"start":{"line":135,"column":12},"end":{"line":137,"column":13}},{"start":{"line":138,"column":12},"end":{"line":140,"column":13}},{"start":{"line":141,"column":12},"end":{"line":143,"column":13}}],"line":119},"27":{"loc":{"start":{"line":147,"column":8},"end":{"line":149,"column":9}},"type":"if","locations":[{"start":{"line":147,"column":8},"end":{"line":149,"column":9}},{"start":{"line":147,"column":8},"end":{"line":149,"column":9}}],"line":147},"28":{"loc":{"start":{"line":152,"column":12},"end":{"line":154,"column":13}},"type":"if","locations":[{"start":{"line":152,"column":12},"end":{"line":154,"column":13}},{"start":{"line":152,"column":12},"end":{"line":154,"column":13}}],"line":152},"29":{"loc":{"start":{"line":158,"column":8},"end":{"line":194,"column":9}},"type":"if","locations":[{"start":{"line":158,"column":8},"end":{"line":194,"column":9}},{"start":{"line":158,"column":8},"end":{"line":194,"column":9}}],"line":158},"30":{"loc":{"start":{"line":160,"column":12},"end":{"line":165,"column":13}},"type":"if","locations":[{"start":{"line":160,"column":12},"end":{"line":165,"column":13}},{"start":{"line":160,"column":12},"end":{"line":165,"column":13}}],"line":160},"31":{"loc":{"start":{"line":162,"column":16},"end":{"line":164,"column":17}},"type":"if","locations":[{"start":{"line":162,"column":16},"end":{"line":164,"column":17}},{"start":{"line":162,"column":16},"end":{"line":164,"column":17}}],"line":162},"32":{"loc":{"start":{"line":166,"column":12},"end":{"line":168,"column":13}},"type":"if","locations":[{"start":{"line":166,"column":12},"end":{"line":168,"column":13}},{"start":{"line":166,"column":12},"end":{"line":168,"column":13}}],"line":166},"33":{"loc":{"start":{"line":173,"column":20},"end":{"line":175,"column":21}},"type":"if","locations":[{"start":{"line":173,"column":20},"end":{"line":175,"column":21}},{"start":{"line":173,"column":20},"end":{"line":175,"column":21}}],"line":173},"34":{"loc":{"start":{"line":173,"column":24},"end":{"line":173,"column":88}},"type":"binary-expr","locations":[{"start":{"line":173,"column":24},"end":{"line":173,"column":52}},{"start":{"line":173,"column":56},"end":{"line":173,"column":88}}],"line":173},"35":{"loc":{"start":{"line":176,"column":20},"end":{"line":178,"column":21}},"type":"if","locations":[{"start":{"line":176,"column":20},"end":{"line":178,"column":21}},{"start":{"line":176,"column":20},"end":{"line":178,"column":21}}],"line":176},"36":{"loc":{"start":{"line":185,"column":12},"end":{"line":190,"column":13}},"type":"if","locations":[{"start":{"line":185,"column":12},"end":{"line":190,"column":13}},{"start":{"line":185,"column":12},"end":{"line":190,"column":13}}],"line":185},"37":{"loc":{"start":{"line":186,"column":16},"end":{"line":188,"column":17}},"type":"if","locations":[{"start":{"line":186,"column":16},"end":{"line":188,"column":17}},{"start":{"line":186,"column":16},"end":{"line":188,"column":17}}],"line":186},"38":{"loc":{"start":{"line":198,"column":8},"end":{"line":243,"column":9}},"type":"if","locations":[{"start":{"line":198,"column":8},"end":{"line":243,"column":9}},{"start":{"line":198,"column":8},"end":{"line":243,"column":9}}],"line":198},"39":{"loc":{"start":{"line":199,"column":12},"end":{"line":201,"column":13}},"type":"if","locations":[{"start":{"line":199,"column":12},"end":{"line":201,"column":13}},{"start":{"line":199,"column":12},"end":{"line":201,"column":13}}],"line":199},"40":{"loc":{"start":{"line":203,"column":12},"end":{"line":205,"column":13}},"type":"if","locations":[{"start":{"line":203,"column":12},"end":{"line":205,"column":13}},{"start":{"line":203,"column":12},"end":{"line":205,"column":13}}],"line":203},"41":{"loc":{"start":{"line":213,"column":16},"end":{"line":215,"column":17}},"type":"if","locations":[{"start":{"line":213,"column":16},"end":{"line":215,"column":17}},{"start":{"line":213,"column":16},"end":{"line":215,"column":17}}],"line":213},"42":{"loc":{"start":{"line":216,"column":16},"end":{"line":218,"column":17}},"type":"if","locations":[{"start":{"line":216,"column":16},"end":{"line":218,"column":17}},{"start":{"line":216,"column":16},"end":{"line":218,"column":17}}],"line":216},"43":{"loc":{"start":{"line":228,"column":20},"end":{"line":230,"column":21}},"type":"if","locations":[{"start":{"line":228,"column":20},"end":{"line":230,"column":21}},{"start":{"line":228,"column":20},"end":{"line":230,"column":21}}],"line":228},"44":{"loc":{"start":{"line":228,"column":24},"end":{"line":228,"column":105}},"type":"binary-expr","locations":[{"start":{"line":228,"column":24},"end":{"line":228,"column":77}},{"start":{"line":228,"column":81},"end":{"line":228,"column":105}}],"line":228},"45":{"loc":{"start":{"line":246,"column":8},"end":{"line":267,"column":9}},"type":"if","locations":[{"start":{"line":246,"column":8},"end":{"line":267,"column":9}},{"start":{"line":246,"column":8},"end":{"line":267,"column":9}}],"line":246},"46":{"loc":{"start":{"line":246,"column":12},"end":{"line":247,"column":107}},"type":"binary-expr","locations":[{"start":{"line":246,"column":12},"end":{"line":246,"column":37}},{"start":{"line":247,"column":12},"end":{"line":247,"column":107}}],"line":246},"47":{"loc":{"start":{"line":252,"column":16},"end":{"line":260,"column":17}},"type":"if","locations":[{"start":{"line":252,"column":16},"end":{"line":260,"column":17}},{"start":{"line":252,"column":16},"end":{"line":260,"column":17}}],"line":252},"48":{"loc":{"start":{"line":262,"column":16},"end":{"line":264,"column":17}},"type":"if","locations":[{"start":{"line":262,"column":16},"end":{"line":264,"column":17}},{"start":{"line":262,"column":16},"end":{"line":264,"column":17}}],"line":262},"49":{"loc":{"start":{"line":274,"column":16},"end":{"line":280,"column":17}},"type":"if","locations":[{"start":{"line":274,"column":16},"end":{"line":280,"column":17}},{"start":{"line":274,"column":16},"end":{"line":280,"column":17}}],"line":274},"50":{"loc":{"start":{"line":274,"column":20},"end":{"line":274,"column":134}},"type":"binary-expr","locations":[{"start":{"line":274,"column":20},"end":{"line":274,"column":63}},{"start":{"line":274,"column":67},"end":{"line":274,"column":134}}],"line":274},"51":{"loc":{"start":{"line":276,"column":20},"end":{"line":279,"column":21}},"type":"if","locations":[{"start":{"line":276,"column":20},"end":{"line":279,"column":21}},{"start":{"line":276,"column":20},"end":{"line":279,"column":21}}],"line":276},"52":{"loc":{"start":{"line":290,"column":8},"end":{"line":292,"column":9}},"type":"if","locations":[{"start":{"line":290,"column":8},"end":{"line":292,"column":9}},{"start":{"line":290,"column":8},"end":{"line":292,"column":9}}],"line":290}},"s":{"0":1,"1":144,"2":144,"3":144,"4":6,"5":0,"6":0,"7":0,"8":1,"9":1,"10":0,"11":1,"12":1,"13":0,"14":1,"15":1,"16":1,"17":144,"18":144,"19":1,"20":1,"21":1,"22":1,"23":1,"24":1,"25":1,"26":1,"27":1,"28":1,"29":1,"30":2,"31":2,"32":2,"33":2,"34":0,"35":2,"36":2,"37":2,"38":2,"39":1,"40":5944,"41":5944,"42":5944,"43":5944,"44":5944,"45":1,"46":1,"47":0,"48":1,"49":1,"50":1,"51":1,"52":1,"53":1,"54":76,"55":76,"56":1,"57":1,"58":1,"59":0,"60":0,"61":0,"62":0,"63":0,"64":0,"65":0,"66":0,"67":0,"68":0,"69":0,"70":0,"71":0,"72":2,"73":2,"74":3,"75":3,"76":3,"77":0,"78":3,"79":3,"80":0,"81":3,"82":0,"83":0,"84":0,"85":1,"86":0,"87":2,"88":0,"89":0,"90":1,"91":0,"92":1,"93":1,"94":2,"95":0,"96":1,"97":1,"98":1,"99":1,"100":0,"101":0,"102":0,"103":1,"104":0,"105":1,"106":3127,"107":3127,"108":12508,"109":12508,"110":0,"111":12508,"112":0,"113":12508,"114":12508,"115":12508,"116":3127,"117":1,"118":1,"119":0,"120":1,"121":0,"122":1,"123":0,"124":0,"125":0,"126":0,"127":0,"128":0,"129":0,"130":0,"131":0,"132":0,"133":0,"134":0,"135":0,"136":0,"137":0,"138":0,"139":0,"140":0,"141":0,"142":0,"143":0,"144":0,"145":0,"146":0,"147":0,"148":0,"149":0,"150":0,"151":0,"152":0,"153":0,"154":0,"155":0,"156":0,"157":0,"158":1,"159":0,"160":1,"161":1,"162":0,"163":0,"164":1,"165":0,"166":0,"167":0,"168":0,"169":0,"170":0,"171":0,"172":0,"173":0,"174":0,"175":0,"176":0,"177":0,"178":0,"179":1,"180":1,"181":1,"182":0,"183":1,"184":1,"185":1},"f":{"0":144,"1":6,"2":0,"3":1,"4":0,"5":1,"6":1,"7":2,"8":2,"9":5944,"10":5944,"11":1,"12":1,"13":76,"14":76,"15":1,"16":0,"17":0,"18":0,"19":2,"20":3,"21":1,"22":0,"23":1,"24":1,"25":0,"26":0,"27":0,"28":0,"29":1},"b":{"0":[1,1,1],"1":[1,0],"2":[144,0],"3":[0,0],"4":[1,1,1],"5":[1,0],"6":[1,1,1],"7":[0,1],"8":[1,1],"9":[1,0],"10":[144,0],"11":[144,144],"12":[0,2],"13":[2,2],"14":[1,1],"15":[2,1,1],"16":[5944,0],"17":[0,1],"18":[1,0],"19":[1,1,1],"20":[0,0],"21":[0,0],"22":[0,0],"23":[0,3],"24":[0,3],"25":[3,1],"26":[0,0,0,1,0,2,0,0],"27":[0,1],"28":[0,2],"29":[1,0],"30":[0,1],"31":[0,0],"32":[0,1],"33":[0,12508],"34":[12508,0],"35":[0,12508],"36":[1,0],"37":[0,1],"38":[0,0],"39":[0,0],"40":[0,0],"41":[0,0],"42":[0,0],"43":[0,0],"44":[0,0],"45":[0,1],"46":[1,1],"47":[0,1],"48":[0,0],"49":[0,0],"50":[0,0],"51":[0,0],"52":[1,0]},"inputSourceMap":{"version":3,"file":"C:/Users/avery/OneDrive/Desktop/CPSC 310/project_team110/src/controller/InsightFacade.ts","sources":["C:/Users/avery/OneDrive/Desktop/CPSC 310/project_team110/src/controller/InsightFacade.ts"],"names":[],"mappings":";;;;;;;;;;;;;;;;;;;;;AAAA,qDAO0B;AAC1B,+BAAgC;AAChC,mCAA4C;AAC5C,qDAAgE;AAChE,iCAAkC;AAClC,2CAAqD;AACrD,4CAA8B;AAE9B,MAAqB,aAAa;IAAlC;QACQ,SAAI,GAAuB,IAAI,GAAG,EAAE,CAAC;IA6Q7C,CAAC;IArQO,KAAK,CAAC,UAAU,CAAC,EAAU,EAAE,OAAe,EAAE,IAAwB;QAC5E,IAAI,GAAG,GAAU,EAAE,CAAC;QACpB,IAAI,QAAQ,GAAU,EAAE,CAAC;QACzB,IAAI,KAAK,GAAW,CAAC,CAAC;QACtB,IAAI,SAA0B,CAAC;QAC/B,IAAI,CAAC,IAAA,4BAAW,EAAC,EAAE,CAAC,IAAI,CAAC,CAAC,UAAU,CAAC,SAAS,GAAG,EAAE,GAAG,OAAO,CAAC,EAAE;YAC/D,OAAO,OAAO,CAAC,MAAM,CAAC,IAAI,6BAAY,CAAC,aAAa,CAAC,CAAC,CAAC;SACvD;QACD,IAAI,GAAG,GAAG,MAAM,KAAK,CAAC,SAAS,CAAC,OAAO,EAAE,EAAC,MAAM,EAAE,IAAI,EAAC,CAAC,CAAC;QACzD,CAAC,CAAC,aAAa,CAAC,SAAS,CAAC,CAAC;QAC3B,OAAO,IAAI,OAAO,CAAW,CAAC,OAAO,EAAE,MAAM,EAAE,EAAE;YAChD,IAAI,IAAI,KAAK,mCAAkB,CAAC,OAAO,IAAI,aAAK,CAAC,YAAY,CAAC,GAAG,EAAE,IAAI,CAAC,IAAI,IAAA,yBAAa,EAAC,GAAG,CAAC,EAAC;gBAC9F,GAAG,CAAC,MAAM,CAAC,SAAS,CAAC,EAAE,OAAO,CAAC,CAAC,YAAoB,EAAE,IAAuB,EAAE,EAAE;oBAChF,QAAQ,CAAC,IAAI,CAAC,GAAG,CAAC,MAAM,CAAC,SAAS,CAAC,EAAE,IAAI,CAAC,YAAY,CAAC,EAAE,KAAK,CAAC,QAAQ,CAAC,CAAC,IAAI,CAAC,CAAC,MAAc,EAAE,EAAE;wBAChG,IAAI,IAAI,GAAG,IAAI,oBAAY,CAAC,MAAM,CAAC,CAAC;wBACpC,IAAI,IAAI,CAAC,IAAI,EAAC;4BACb,GAAG,CAAC,IAAI,CAAC,IAAI,CAAC,IAAI,CAAC,CAAC;4BACpB,KAAK,GAAG,KAAK,GAAG,IAAI,CAAC,OAAO,CAAC;yBAC7B;oBACF,CAAC,CAAC,CAAC,CAAC;gBACL,CAAC,CAAC,CAAC;gBACH,OAAO,CAAC,GAAG,CAAC,QAAQ,CAAC,CAAC,IAAI,CAAC,KAAK,EAAE,KAAY,EAAE,EAAE;oBACjD,IAAI,GAAG,CAAC,MAAM,KAAK,CAAC,EAAC;wBACpB,MAAM,CAAC,IAAI,6BAAY,CAAC,2BAA2B,CAAC,CAAC,CAAC;qBACtD;yBAAM;wBACN,IAAI,CAAC,WAAW,CAAC,EAAE,EAAE,MAAM,IAAA,mBAAE,EAAC,EAAE,EAAE,KAAK,EAAE,GAAG,CAAC,CAAC,CAAC;wBAC/C,OAAO,CAAC,CAAC,EAAE,CAAC,CAAC,CAAC;qBACd;gBACF,CAAC,CAAC,CAAC;aACH;iBAAM,IAAI,IAAI,KAAK,mCAAkB,CAAC,KAAK,IAAI,aAAK,CAAC,YAAY,CAAC,GAAG,EAAE,IAAI,CAAC,IAAI,IAAA,yBAAa,EAAC,GAAG,CAAC,EAAE;gBACpG,QAAQ,CAAC,IAAI,CAAC,GAAG,CAAC,MAAM,CAAC,OAAO,CAAC,EAAE,IAAI,CAAC,WAAW,CAAC,EAAE,KAAK,CAAC,QAAQ,CAAC,CAAC,IAAI,CAAC,CAAC,MAAc,EAAE,EAAE;oBAC7F,SAAS,GAAG,MAAM,CAAC,KAAK,CAAC,MAAM,CAAC,CAAC;gBAClC,CAAC,CAAC,CAAC,CAAC;gBACJ,GAAG,CAAC,MAAM,CAAC,gDAAgD,CAAC,EAAE,OAAO,CAAC,CAAC,IAAI,EAAE,IAAI,EAAE,EAAE;oBACpF,QAAQ,CAAC,IAAI,CAAC,GAAG,CAAC,IAAI,CAAC,IAAI,CAAC,IAAI,CAAC,EAAE,KAAK,CAAC,QAAQ,CAAC,CAAC,IAAI,CAAC,CAAC,IAAY,EAAE,EAAE;wBACxE,GAAG,CAAC,IAAI,CAAC,MAAM,CAAC,KAAK,CAAC,IAAI,CAAC,CAAC,CAAC;oBAC9B,CAAC,CAAC,CAAC,CAAC;gBACL,CAAC,CAAC,CAAC;gBACH,OAAO,CAAC,GAAG,CAAC,QAAQ,CAAC,CAAC,IAAI,CAAC,KAAK,EAAE,KAAY,EAAE,EAAE;oBACjD,IAAI,CAAC,WAAW,CAAC,EAAE,EAAE,MAAM,IAAA,8BAAa,EAAC,SAAS,EAAE,GAAG,EAAE,EAAE,CAAC,CAAC,CAAC;oBAC9D,OAAO,CAAC,CAAC,EAAE,CAAC,CAAC,CAAC;gBACf,CAAC,CAAC,CAAC;aACH;iBAAM;gBACN,MAAM,CAAC,IAAI,6BAAY,CAAC,0CAA0C,CAAC,CAAC,CAAC;aACrE;QACF,CAAC,CAAC,CAAC,KAAK,CAAC,GAAG,EAAE;YACb,OAAO,OAAO,CAAC,MAAM,CAAC,IAAI,6BAAY,CAAC,2BAA2B,CAAC,CAAC,CAAC;QACtE,CAAC,CAAC,CAAC;IACJ,CAAC;IAEM,aAAa,CAAC,EAAU;QAC9B,IAAI,CAAC,IAAA,4BAAW,EAAC,EAAE,CAAC,EAAE;YACrB,OAAO,OAAO,CAAC,MAAM,CAAC,IAAI,6BAAY,CAAC,qCAAqC,CAAC,CAAC,CAAC;SAC/E;aAAM,IAAI,CAAC,CAAC,CAAC,UAAU,CAAC,SAAS,GAAG,EAAE,GAAG,OAAO,CAAC,EAAE;YACnD,OAAO,OAAO,CAAC,MAAM,CAAC,IAAI,8BAAa,CAAC,iCAAiC,CAAC,CAAC,CAAC;SAC5E;QACD,IAAI;YACH,IAAI,KAAK,GAAG,CAAC,CAAC,WAAW,CAAC,SAAS,CAAC,CAAC;YACrC,KAAK,CAAC,OAAO,CAAC,CAAC,OAAY,EAAE,EAAE;gBAC9B,IAAI,OAAO,CAAC,QAAQ,EAAE,CAAC,KAAK,CAAC,GAAG,CAAC,CAAC,CAAC,CAAC,KAAK,EAAE,EAAE;oBAC5C,CAAC,CAAC,UAAU,CAAC,SAAS,GAAG,EAAE,GAAG,OAAO,CAAC,CAAC;iBACvC;YACF,CAAC,CAAC,CAAC;SACH;QAAC,OAAO,CAAC,EAAE;YACX,OAAO,OAAO,CAAC,MAAM,CAAC,IAAI,6BAAY,CAAC,iBAAiB,CAAC,CAAC,CAAC;SAC3D;QACD,OAAO,OAAO,CAAC,OAAO,CAAC,EAAE,CAAC,CAAC;IAC5B,CAAC;IAEO,WAAW,CAAC,EAAU,EAAE,GAAQ;QACvC,CAAC,CAAC,aAAa,CAAC,SAAS,GAAG,EAAE,GAAG,OAAO,EAAE,GAAG,EAAE,EAAC,IAAI,EAAE,IAAI,EAAC,CAAC,CAAC;QAC7D,IAAI,CAAC,IAAI,CAAC,GAAG,CAAC,EAAE,EAAE,CAAC,GAAG,CAAC,IAAI,EAAE,GAAG,CAAC,GAAG,CAAC,CAAC,CAAC;IACxC,CAAC;IAEO,KAAK,CAAC,SAAS,CAAC,KAAU,EAAE,GAAY;QAC/C,MAAM,GAAG,GAAG,IAAI,GAAG,CAAC,CAAC,CAAC,KAAK,EAAE,IAAI,CAAC,EAAE,CAAC,IAAI,EAAE,KAAK,CAAC,CAAC,CAAC,CAAC;QACpD,IAAI,IAAI,GAAG,MAAM,CAAC,IAAI,CAAC,KAAK,CAAC,CAAC;QAC9B,IAAI,IAAI,CAAC,MAAM,KAAK,CAAC,EAAE;YACtB,OAAO,OAAO,CAAC,MAAM,CAAC,IAAI,6BAAY,CAAC,cAAc,CAAC,CAAC,CAAC;SACxD;QACD,IAAI,GAAG,GAAuB,IAAI,CAAC,CAAC,CAAC,CAAC;QACtC,IAAI,GAAG,IAAI,GAAG,CAAC,GAAG,CAAC,GAAG,CAAC,EAAE;YACxB,GAAG,GAAG,GAAG,CAAC,GAAG,CAAC,GAAG,CAAC,CAAC;SACnB;QACD,QAAQ,GAAG,EAAE;YACZ,KAAK,KAAK,CAAC,CAAC;gBACX,OAAO,qBAAS,CAAC,UAAU,CAAC,IAAI,EAAE,KAAK,CAAC,IAAI,CAAC,CAAC,CAAC,CAAC,EAAE,aAAK,CAAC,YAAY,EAAE,GAAG,CAAC,CAAC;aAC3E;YACD,KAAK,IAAI,CAAC,CAAC;gBACV,OAAO,qBAAS,CAAC,UAAU,CAAC,IAAI,EAAE,KAAK,CAAC,IAAI,CAAC,CAAC,CAAC,CAAC,EAAE,aAAK,CAAC,KAAK,EAAE,GAAG,CAAC,CAAC;aACpE;YACD,KAAK,IAAI,CAAC,CAAC;gBACV,OAAO,qBAAS,CAAC,eAAe,CAAC,IAAI,EAAE,KAAK,CAAC,GAAG,CAAC,EAAE,aAAK,CAAC,MAAM,EAAE,GAAG,CAAC,CAAC;aACtE;YACD,KAAK,IAAI,CAAC,CAAC;gBACV,OAAO,qBAAS,CAAC,eAAe,CAAC,IAAI,EAAE,KAAK,CAAC,GAAG,CAAC,EAAE,aAAK,CAAC,WAAW,EAAE,GAAG,CAAC,CAAC;aAC3E;YACD,KAAK,IAAI,CAAC,CAAC;gBACV,OAAO,qBAAS,CAAC,eAAe,CAAC,IAAI,EAAE,KAAK,CAAC,GAAG,CAAC,EAAE,aAAK,CAAC,QAAQ,EAAE,GAAG,CAAC,CAAC;aACxE;YACD,KAAK,KAAK,CAAC,CAAC;gBACX,OAAO,qBAAS,CAAC,QAAQ,CAAC,KAAK,CAAC,GAAG,CAAC,EAAE,GAAG,EAAE,IAAI,CAAC,CAAC;aACjD;YACD,KAAK,IAAI,CAAC,CAAC;gBACV,OAAO,qBAAS,CAAC,gBAAgB,CAAC,IAAI,EAAE,KAAK,CAAC,GAAG,CAAC,EAAE,GAAG,CAAC,CAAC;aACzD;YACD,OAAO,CAAC,CAAC;gBACR,OAAO,OAAO,CAAC,MAAM,CAAC,IAAI,6BAAY,CAAC,cAAc,CAAC,CAAC,CAAC;aACxD;SACD;IACF,CAAC;IAEO,OAAO,CAAC,OAAY,EAAE,KAAU;QACvC,IAAI,OAAO,CAAC,CAAC,CAAC,CAAC,IAAI,GAAG,IAAI,EAAE;YAC3B,OAAO,OAAO,CAAC,MAAM,CAAC,IAAI,oCAAmB,CAAC,kBAAkB,CAAC,CAAC,CAAC;SACnE;QACD,IAAI,IAAI,GAAG,MAAM,CAAC,IAAI,CAAC,KAAK,CAAC,CAAC;QAC9B,KAAI,IAAI,CAAC,IAAI,IAAI,EAAE;YAClB,IAAI,CAAC,CAAC,SAAS,EAAE,OAAO,CAAC,CAAC,QAAQ,CAAC,CAAC,CAAC,EAAE;gBACtC,OAAO,OAAO,CAAC,MAAM,CAAC,IAAI,6BAAY,CAAC,0BAA0B,CAAC,CAAC,CAAC;aACpE;SACD;QACD,IAAI,YAA+B,CAAC;QACpC,IAAI,MAAM,GAAU,EAAE,CAAC;QACvB,IAAI,IAAI,CAAC,QAAQ,CAAC,SAAS,CAAC,EAAE;YAC7B,IAAI,OAAO,GAAG,KAAK,CAAC,SAAS,CAAC,CAAC;YAC/B,IAAI,OAAO,CAAC,CAAC,CAAC,KAAK,SAAS,EAAC;gBAC5B,YAAY,GAAG,OAAO,CAAC,CAAC,CAAC,CAAC;gBAC1B,IAAI,YAAa,CAAC,MAAM,KAAK,IAAI,GAAG,CAAC,YAAY,CAAC,CAAC,IAAI,EAAE;oBACxD,OAAO,OAAO,CAAC,MAAM,CAAC,IAAI,6BAAY,CAAC,8BAA8B,CAAC,CAAC,CAAC;iBACxE;aACD;YACD,IAAI,CAAC,OAAO,EAAE;gBACb,OAAO,OAAO,CAAC,MAAM,CAAC,IAAI,6BAAY,CAAC,eAAe,CAAC,CAAC,CAAC;aACzD;YACD,KAAI,IAAI,GAAG,IAAI,OAAO,CAAC,CAAC,CAAC,EAAC;gBACzB,IAAI,MAAM,GAA2B,EAAE,CAAC;gBACxC,KAAI,IAAI,KAAK,IAAI,OAAO,EAAE;oBACzB,IAAI,UAAU,GAAG,KAAK,CAAC,KAAK,CAAC,GAAG,EAAC,CAAC,CAAC,CAAC;oBACpC,IAAI,UAAU,CAAC,CAAC,CAAC,KAAK,OAAO,CAAC,CAAC,CAAC,IAAK,CAAC,OAAO,CAAC,QAAQ,CAAC,UAAU,CAAC,CAAC,CAAC,CAAC,EAAE;wBACtE,OAAO,OAAO,CAAC,MAAM,CAAC,IAAI,6BAAY,CAAC,iCAAiC,CAAC,CAAC,CAAC;qBAC3E;oBACD,IAAG,qBAAS,CAAC,iBAAiB,CAAC,YAAY,EAAE,KAAK,CAAC,EAAC;wBACnD,OAAO,OAAO,CAAC,MAAM,CAAC,IAAI,6BAAY,CAAC,gBAAgB,CAAC,CAAC,CAAC;qBAC1D;oBACD,IAAI,IAAI,GAAG,KAAK,CAAC;oBACjB,IAAI,GAAG,qBAAS,CAAC,oBAAoB,CAAC,OAAO,EAAE,IAAI,EAAE,IAAI,CAAC,CAAC;oBAC3D,MAAM,CAAC,KAAK,CAAC,GAAG,GAAG,CAAC,IAAI,CAAC,CAAC;iBAC1B;gBACD,MAAM,CAAC,IAAI,CAAC,MAAM,CAAC,CAAC;aACpB;YACD,IAAI,IAAI,CAAC,QAAQ,CAAC,OAAO,CAAC,EAAE;gBAC3B,IAAI,CAAC,qBAAS,CAAC,UAAU,CAAC,KAAK,EAAE,OAAO,CAAC,EAAE;oBAC1C,OAAO,OAAO,CAAC,MAAM,CAAC,IAAI,6BAAY,CAAC,wCAAwC,CAAC,CAAC,CAAC;iBAClF;gBACD,qBAAS,CAAC,KAAK,CAAC,CAAC,MAAM,EAAE,OAAO,CAAC,CAAC,CAAC,CAAC,EAAE,KAAK,CAAC,OAAO,CAAC,CAAC,CAAE;aACvD;SACD;aAAM;YACN,OAAO,OAAO,CAAC,MAAM,CAAC,IAAI,6BAAY,CAAC,8BAA8B,CAAC,CAAC,CAAC;SACxE;QACD,OAAO,OAAO,CAAC,OAAO,CAAC,MAAM,CAAC,CAAC;IAChC,CAAC;IAEM,KAAK,CAAC,IAAc,EAAE,KAAU,EAAE,OAAiB,EAAE,OAAY,EAAE,KAAU,EAAG,UAAe;QACrG,IAAI,IAAI,CAAC,QAAQ,CAAC,OAAO,CAAC,EAAE;YAC3B,IAAI,IAAI,CAAC,MAAM,GAAG,CAAC,EAAE;gBACpB,OAAO,OAAO,CAAC,MAAM,CAAC,IAAI,6BAAY,CAAC,IAAI,GAAG,0BAA0B,CAAC,CAAC,CAAC;aAC3E;YACD,IAAI,KAAK,GAAG,KAAK,CAAC,OAAO,CAAC,CAAC;YAC3B,IAAI,MAAM,CAAC,IAAI,CAAC,KAAK,CAAC,CAAC,MAAM,KAAK,CAAC,EAAE;gBACpC,OAAO,OAAO,CAAC,MAAM,CAAC,IAAI,6BAAY,CAAC,6BAA6B,CAAC,CAAC,CAAC;aACvE;YACD,IAAI,MAAM,GAAG,MAAM,CAAC,IAAI,CAAC,KAAK,CAAC,CAAC;YAChC,IAAI,KAAK,GAAU,EAAE,CAAC;YACtB,KAAK,IAAI,UAAU,IAAI,MAAM,EAAE;gBAC9B,IAAI,SAAS,GAAG,MAAM,CAAC,IAAI,CAAC,KAAK,CAAC,UAAU,CAAC,CAAC,CAAC,CAAC,CAAC,CAAC;gBAClD,OAAO,CAAC,IAAI,CAAC,SAAS,CAAC,CAAC;gBACxB,IAAI,SAAS,GAAG,MAAM,CAAC,IAAI,CAAC,KAAK,CAAC,UAAU,CAAC,CAAC,SAAS,CAAC,CAAC,CAAC,CAAC,CAAC,CAAC;gBAC7D,IAAI,oBAAoB,GAAG,KAAK,CAAC,UAAU,CAAC,CAAC,SAAS,CAAC,CAAC,SAAS,CAAC,CAAC,KAAK,CAAC,GAAG,EAAE,CAAC,CAAC,CAAC;gBACjF,IAAI,oBAAoB,CAAC,CAAC,CAAC,KAAK,OAAO,CAAC,CAAC,CAAC,EAAE;oBAC3C,OAAO,OAAO,CAAC,MAAM,CAAC,IAAI,6BAAY,CAAC,oBAAoB,CAAC,CAAC,CAAC,GAAG,6BAA6B,CAAC,CAAC,CAAC;iBACjG;gBACD,IAAI,CAAC,KAAK,CAAC,GAAG,CAAC,SAAS,CAAC,EAAE;oBAC1B,OAAO,OAAO,CAAC,MAAM,CAAC,IAAI,6BAAY,CAAC,SAAS,GAAG,2BAA2B,CAAC,CAAC,CAAC;iBACjF;gBACD,KAAK,CAAC,IAAI,CAAC,CAAC,SAAS,EAAE,KAAK,CAAC,UAAU,CAAC,CAAC,SAAS,CAAC,CAAC,SAAS,CAAC,EAAE,KAAK,CAAC,GAAG,CAAC,SAAS,CAAE,CAAC,CAAC,CAAC;aACxF;YACD,IAAI,MAAM,GAAG,KAAK,CAAC,IAAI,CAAC,OAAO,CAAC,CAAC,CAAC,CAAC,IAAI,EAAE,CAAC,CAAC;YAC3C,IAAI,WAAW,GAAG,KAAK,CAAC,OAAO,CAAC,CAAC;YACjC,IAAI,MAAM,GAAU,EAAE,CAAC;YACvB,KAAK,IAAI,KAAK,IAAI,MAAM,EAAE;gBACzB,IAAI,IAAI,GAAa,EAAE,CAAC;gBACxB,qBAAS,CAAC,mBAAmB,CAAC,IAAI,EAAE,WAAW,EAAE,UAAU,EAAE,IAAI,EAAE,OAAO,EAAE,KAAK,CAAC,CAAC;gBACnF,KAAK,IAAI,IAAI,IAAI,KAAK,EAAE;oBACvB,IAAI,OAAO,OAAO,CAAC,CAAC,CAAC,CAAC,GAAG,CAAC,KAAK,CAAC,CAAC,CAAC,CAAC,CAAC,IAAI,CAAC,CAAC,CAAC,CAAC,KAAK,QAAQ,IAAI,IAAI,CAAC,CAAC,CAAC,CAAC,IAAI,KAAK,OAAO,EAAE;wBACtF,OAAO,OAAO,CAAC,MAAM,CAAC,IAAI,6BAAY,CAAC,0CAA0C,CAAC,CAAC,CAAC;qBACpF;oBACD,qBAAS,CAAC,mBAAmB,CAAC,IAAI,EAAE,UAAU,EAAE,IAAI,CAAC,CAAC;oBACtD,IAAI,CAAC,IAAI,CAAC,CAAC,CAAC,CAAC,GAAG,IAAI,CAAC,CAAC,CAAC,CAAC,OAAO,CAAC,CAAC,CAAC,CAAC,GAAG,CAAC,KAAK,CAAC,EAAE,IAAI,CAAC,CAAC,CAAC,CAAC,CAAC;iBACxD;gBACD,MAAM,CAAC,IAAI,CAAC,IAAI,CAAC,CAAC;aAClB;YACD,OAAO,CAAC,CAAC,CAAC,GAAG,MAAM,CAAC;YACpB,OAAO,CAAC,IAAI,CAAC,OAAO,CAAC,CAAC;YACtB,OAAO,CAAC,IAAI,CAAC,IAAI,CAAC,CAAC;YACnB,OAAO,OAAO,CAAC,OAAO,CAAC,OAAO,CAAC,CAAC;SAEhC;aAAM;YACN,OAAO,OAAO,CAAC,MAAM,CAAC,IAAI,6BAAY,CAAC,IAAI,GAAG,0BAA0B,CAAC,CAAC,CAAC;SAC3E;IACF,CAAC;IAEM,YAAY,CAAC,KAAU;QAC7B,IAAG,OAAO,KAAK,KAAK,QAAQ;YAC1B,CAAC,aAAK,CAAC,iBAAiB,CAAC,MAAM,CAAC,IAAI,CAAC,KAAK,CAAC,EAAE,CAAC,OAAO,EAAE,SAAS,CAAC,EAAE,CAAC,iBAAiB,CAAC,CAAC,EAAE;YAC1F,OAAO,OAAO,CAAC,MAAM,CAAC,IAAI,6BAAY,CAAC,eAAe,CAAC,CAAC,CAAC;SACzD;aAAM;YACN,OAAO,IAAI,CAAC,SAAS,CAAC,KAAK,CAAC,OAAO,CAAC,EAAE,KAAK,CAAC,CAAC,IAAI,CAAC,CAAC,YAAY,EAAE,EAAE;gBAClE,IAAI,MAAM,CAAC,IAAI,CAAC,KAAK,CAAC,CAAC,QAAQ,CAAC,iBAAiB,CAAC,EAAE;oBACnD,OAAO,qBAAS,CAAC,eAAe,CAAC,IAAI,EAAE,YAAY,EAAE,KAAK,CAAC,iBAAiB,CAAC,CAAC;yBAC5E,IAAI,CAAC,CAAC,OAAY,EAAE,EAAE;wBACtB,OAAO,IAAI,CAAC,OAAO,CAAC,OAAO,EAAE,KAAK,CAAC,SAAS,CAAC,CAAC,CAAC;oBAChD,CAAC,CAAC,CAAC;iBACJ;qBAAM;oBACN,OAAO,IAAI,CAAC,OAAO,CAAC,YAAY,EAAE,KAAK,CAAC,SAAS,CAAC,CAAC,CAAC;iBACpD;YACF,CAAC,CAAC,CAAC,KAAK,CAAC,CAAC,GAAG,EAAC,EAAE;gBACf,IAAI,GAAG,YAAY,oCAAmB,EAAC;oBACtC,OAAO,OAAO,CAAC,MAAM,CAAC,GAAG,CAAC,CAAC;iBAC3B;gBACD,OAAO,OAAO,CAAC,MAAM,CAAC,IAAI,6BAAY,CAAC,GAAG,CAAC,SAAS,CAAC,CAAC,CAAC,CAAC;YACzD,CAAC,CAAC,CAAC;SACH;IACF,CAAC;IAEM,YAAY;QAClB,IAAI,IAAI,GAAqB,EAAE,CAAC;QAChC,IAAI;YACH,IAAI,GAAG,GAAG,CAAC,CAAC,WAAW,CAAC,SAAS,CAAC,CAAC;YACnC,GAAG,CAAC,OAAO,CAAC,CAAC,OAAY,EAAE,EAAE;gBAC5B,IAAI,OAAO,CAAC,QAAQ,EAAE,CAAC,KAAK,CAAC,GAAG,CAAC,CAAC,CAAC,CAAC,KAAK,MAAM,IAAI,IAAA,4BAAW,EAAC,OAAO,CAAC,QAAQ,EAAE,CAAC,KAAK,CAAC,GAAG,CAAC,CAAC,CAAC,CAAC,CAAC,EAAE;oBACjG,IAAI,IAAI,GAAG,IAAI,CAAC,KAAK,CAAC,CAAC,CAAC,YAAY,CAAC,SAAS,GAAG,OAAO,EAAE,MAAM,CAAC,CAAC,CAAC;oBACnE,IAAG,IAAI,CAAC,IAAI,EAAC;wBACZ,IAAI,IAAI,GAAmB,IAAI,CAAC,IAAI,CAAC;wBACrC,IAAI,CAAC,IAAI,CAAC,IAAI,CAAC,CAAC;qBAChB;iBACD;YACF,CAAC,CAAC,CAAC;SACH;QAAC,OAAO,CAAC,EAAE;YACX,OAAO,OAAO,CAAC,OAAO,CAAC,IAAI,CAAC,CAAC;SAC7B;QACD,OAAO,OAAO,CAAC,OAAO,CAAC,IAAI,CAAC,CAAC;IAC9B,CAAC;IAEO,UAAU,CAAC,OAAY;QAC9B,IAAI,IAAI,GAAG,IAAI,CAAC,IAAI,CAAC,GAAG,CAAC,OAAO,CAAC,CAAC;QAClC,IAAI,IAAI,EAAE;YACT,OAAO,IAAI,CAAC,CAAC,CAAC,CAAC;SACf;QACD,OAAO,SAAS,CAAC;IAClB,CAAC;;AA7QF,gCA8QC;AA5Qc,oBAAM,GAAG,CAAC,MAAM,EAAG,IAAI,EAAG,YAAY,EAAG,OAAO,EAAG,MAAM,EAAE,UAAU,EAAC,WAAW;IAC9F,QAAQ,EAAE,MAAM,EAAE,SAAS,EAAE,KAAK,EAAG,KAAK,EAAG,OAAO,EAAE,MAAM,EAAE,WAAW,EAAE,MAAM,EAAE,MAAM,EAAE,MAAM,EAAE,OAAO;IAC1G,MAAM,CAAC,CAAC;AAEK,4BAAc,GAAG,IAAI,GAAG,CACrC,CAAC,CAAC,MAAM,EAAE,SAAS,CAAC,EAAC,CAAC,IAAI,EAAE,QAAQ,CAAC,EAAC,CAAC,MAAM,EAAE,IAAI,CAAC,EAAC,CAAC,YAAY,EAAE,WAAW,CAAC,CAAC,CAAC,CAAC","sourcesContent":["import {\r\n\tIInsightFacade,\r\n\tInsightDataset,\r\n\tInsightDatasetKind,\r\n\tInsightError,\r\n\tNotFoundError,\r\n\tResultTooLargeError\r\n} from \"./IInsightFacade\";\r\nimport JSZip = require(\"jszip\");\r\nimport {Utils, EnumDataItem} from \"./Utils\";\r\nimport {checkFormat, combineBuffer, fm} from \"./UtilsFunctions\";\r\nimport parse5 = require(\"parse5\");\r\nimport {NeedsThis, checkValidZip} from \"./NeedsThis\";\r\nimport * as _ from \"fs-extra\";\r\n\r\nexport default class InsightFacade implements IInsightFacade {\r\n\tpublic data: Map<string, any[]> = new Map();\r\n\tpublic static FIELDS = [\"dept\" , \"id\" , \"instructor\" , \"title\" , \"uuid\", \"fullname\",\"shortname\",\r\n\t\t\"number\", \"name\", \"address\", \"lat\",\t \"lon\",\t \"seats\", \"type\", \"furniture\", \"href\", \"pass\", \"fail\", \"audit\",\r\n\t\t\"year\"];\r\n\r\n\tpublic static CONVERT_FIELDS = new Map<string, string>(\r\n\t\t[[\"dept\", \"Subject\"],[\"id\", \"Course\"],[\"uuid\", \"id\"],[\"instructor\", \"Professor\"]]);\r\n\r\n\tpublic async addDataset(id: string, content: string, kind: InsightDatasetKind): Promise<string[]> {\r\n\t\tlet arr: any[] = [];\r\n\t\tlet promises: any[] = [];\r\n\t\tlet total: number = 0;\r\n\t\tlet buildings: parse5.Document;\r\n\t\tif (!checkFormat(id) || _.existsSync(\"./data/\" + id + \".json\")) {\r\n\t\t\treturn Promise.reject(new InsightError(\" Invalid ID\"));\r\n\t\t}\r\n\t\tlet zip = await JSZip.loadAsync(content, {base64: true});\r\n\t\t_.ensureDirSync(\"./data/\");\r\n\t\treturn new Promise<string[]>((resolve, reject) => {\r\n\t\t\tif (kind === InsightDatasetKind.Courses && Utils.datasetValid(zip, kind) && checkValidZip(zip)){\r\n\t\t\t\tzip.folder(\"courses\")?.forEach((relativePath: string, file: JSZip.JSZipObject) => {\r\n\t\t\t\t\tpromises.push(zip.folder(\"courses\")?.file(relativePath)?.async(\"string\").then((result: string) => {\r\n\t\t\t\t\t\tlet item = new EnumDataItem(result);\r\n\t\t\t\t\t\tif (item.data){\r\n\t\t\t\t\t\t\tarr.push(item.data);\r\n\t\t\t\t\t\t\ttotal = total + item.numRows;\r\n\t\t\t\t\t\t}\r\n\t\t\t\t\t}));\r\n\t\t\t\t});\r\n\t\t\t\tPromise.all(promises).then(async (value: any[]) => {\r\n\t\t\t\t\tif (arr.length === 0){\r\n\t\t\t\t\t\treject(new InsightError(\" courses - No valid files\"));\r\n\t\t\t\t\t} else {\r\n\t\t\t\t\t\tthis.saveMemDisk(id, await fm(id, total, arr));\r\n\t\t\t\t\t\tresolve([id]);\r\n\t\t\t\t\t}\r\n\t\t\t\t});\r\n\t\t\t} else if (kind === InsightDatasetKind.Rooms && Utils.datasetValid(zip, kind) && checkValidZip(zip)) {\r\n\t\t\t\tpromises.push(zip.folder(\"rooms\")?.file(\"index.htm\")?.async(\"string\").then((result: string) => {\r\n\t\t\t\t\tbuildings = parse5.parse(result);\r\n\t\t\t\t}));\r\n\t\t\t\tzip.folder(\"rooms/campus/discover/buildings-and-classrooms\")?.forEach((path, file) => {\r\n\t\t\t\t\tpromises.push(zip.file(file.name)?.async(\"string\").then((buff: string) => {\r\n\t\t\t\t\t\tarr.push(parse5.parse(buff));\r\n\t\t\t\t\t}));\r\n\t\t\t\t});\r\n\t\t\t\tPromise.all(promises).then(async (value: any[]) => {\r\n\t\t\t\t\tthis.saveMemDisk(id, await combineBuffer(buildings, arr, id));\r\n\t\t\t\t\tresolve([id]);\r\n\t\t\t\t});\r\n\t\t\t} else {\r\n\t\t\t\treject(new InsightError(\" Invalid zipfile format for dataset kind\"));\r\n\t\t\t}\r\n\t\t}).catch(() => {\r\n\t\t\treturn Promise.reject(new InsightError(\" Parse failed for zipfile\"));\r\n\t\t});\r\n\t}\r\n\r\n\tpublic removeDataset(id: string): Promise<string> {\r\n\t\tif (!checkFormat(id)) {\r\n\t\t\treturn Promise.reject(new InsightError(\" Invalid ID -- has dashes or spaces\"));\r\n\t\t} else if (!_.existsSync(\"./data/\" + id + \".json\")) {\r\n\t\t\treturn Promise.reject(new NotFoundError(\" No dataset found with ID given\"));\r\n\t\t}\r\n\t\ttry {\r\n\t\t\tlet files = _.readdirSync(\"./data/\");\r\n\t\t\tfiles.forEach((element: any) => {\r\n\t\t\t\tif (element.toString().split(\".\")[0] === id) {\r\n\t\t\t\t\t_.removeSync(\"./data/\" + id + \".json\");\r\n\t\t\t\t}\r\n\t\t\t});\r\n\t\t} catch (e) {\r\n\t\t\treturn Promise.reject(new InsightError(\" Removed failed\"));\r\n\t\t}\r\n\t\treturn Promise.resolve(id);\r\n\t}\r\n\r\n\tprivate saveMemDisk(id: string, val: any){\r\n\t\t_.writeJSONSync(\"./data/\" + id + \".json\", val ,{flag: \"w+\"});\r\n\t\tthis.data.set(id, [val.mode, val.arr]);\r\n\t}\r\n\r\n\tprivate async nextQuery(query: any, not: boolean): Promise<any> {\r\n\t\tconst map = new Map([[\"AND\", \"OR\"], [\"OR\", \"AND\"]]);\r\n\t\tlet keys = Object.keys(query);\r\n\t\tif (keys.length !== 1) {\r\n\t\t\treturn Promise.reject(new InsightError(\"Invalid Json\"));\r\n\t\t}\r\n\t\tlet key: string | undefined = keys[0];\r\n\t\tif (not && map.has(key)) {\r\n\t\t\tkey = map.get(key);\r\n\t\t}\r\n\t\tswitch (key) {\r\n\t\t\tcase \"AND\": {\r\n\t\t\t\treturn NeedsThis.queryLogic(this, query[keys[0]], Utils.intersection, not);\r\n\t\t\t}\r\n\t\t\tcase \"OR\": {\r\n\t\t\t\treturn NeedsThis.queryLogic(this, query[keys[0]], Utils.union, not);\r\n\t\t\t}\r\n\t\t\tcase \"EQ\": {\r\n\t\t\t\treturn NeedsThis.queryComparator(this, query[key], Utils.equals, not);\r\n\t\t\t}\r\n\t\t\tcase \"GT\": {\r\n\t\t\t\treturn NeedsThis.queryComparator(this, query[key], Utils.greaterThan, not);\r\n\t\t\t}\r\n\t\t\tcase \"LT\": {\r\n\t\t\t\treturn NeedsThis.queryComparator(this, query[key], Utils.lessThan, not);\r\n\t\t\t}\r\n\t\t\tcase \"NOT\": {\r\n\t\t\t\treturn NeedsThis.queryNot(query[key], not, this);\r\n\t\t\t}\r\n\t\t\tcase \"IS\": {\r\n\t\t\t\treturn NeedsThis.querySComparator(this, query[key], not);\r\n\t\t\t}\r\n\t\t\tdefault: {\r\n\t\t\t\treturn Promise.reject(new InsightError(\"Invalid Json\"));\r\n\t\t\t}\r\n\t\t}\r\n\t}\r\n\r\n\tprivate options(results: any, query: any): Promise<Array<{ result: any[] }>> {\r\n\t\tif (results[0].size > 5000) {\r\n\t\t\treturn Promise.reject(new ResultTooLargeError(\"too many results\"));\r\n\t\t}\r\n\t\tlet keys = Object.keys(query);\r\n\t\tfor(let k of keys) {\r\n\t\t\tif (![\"COLUMNS\", \"ORDER\"].includes(k)) {\r\n\t\t\t\treturn Promise.reject(new InsightError(\"Invalid field in options\"));\r\n\t\t\t}\r\n\t\t}\r\n\t\tlet validColumns: [any] | undefined;\r\n\t\tlet retval: any[] = [];\r\n\t\tif (keys.includes(\"COLUMNS\")) {\r\n\t\t\tlet columns = query[\"COLUMNS\"];\r\n\t\t\tif (results[2] !== undefined){\r\n\t\t\t\tvalidColumns = results[2];\r\n\t\t\t\tif (validColumns!.length !== new Set(validColumns).size) {\r\n\t\t\t\t\treturn Promise.reject(new InsightError(\"Apply keys need unique names\"));\r\n\t\t\t\t}\r\n\t\t\t}\r\n\t\t\tif (!columns) {\r\n\t\t\t\treturn Promise.reject(new InsightError(\"columns empty\"));\r\n\t\t\t}\r\n\t\t\tfor(let row of results[0]){\r\n\t\t\t\tlet newRow: { [key: string]: any } = {};\r\n\t\t\t\tfor(let field of columns) {\r\n\t\t\t\t\tlet fieldSplit = field.split(\"_\",2);\r\n\t\t\t\t\tif (fieldSplit[0] !== results[1] &&  !columns.includes(fieldSplit[0])) {\r\n\t\t\t\t\t\treturn Promise.reject(new InsightError(\"Columns refers to wrong dataset\"));\r\n\t\t\t\t\t}\r\n\t\t\t\t\tif(NeedsThis.checkValidColumns(validColumns, field)){\r\n\t\t\t\t\t\treturn Promise.reject(new InsightError(\"invalid column\"));\r\n\t\t\t\t\t}\r\n\t\t\t\t\tlet temp = field;\r\n\t\t\t\t\ttemp = NeedsThis.convertCoursesField3(results, temp, this);\r\n\t\t\t\t\tnewRow[field] = row[temp];\r\n\t\t\t\t}\r\n\t\t\t\tretval.push(newRow);\r\n\t\t\t}\r\n\t\t\tif (keys.includes(\"ORDER\")) {\r\n\t\t\t\tif (!NeedsThis.checkOrder(query, columns)) {\r\n\t\t\t\t\treturn Promise.reject(new InsightError(\"order fields missing or not in columns\"));\r\n\t\t\t\t}\r\n\t\t\t\tNeedsThis.order([retval, results[1]], query[\"ORDER\"]) ;\r\n\t\t\t}\r\n\t\t} else {\r\n\t\t\treturn Promise.reject(new InsightError(\"Columns missing from options\"));\r\n\t\t}\r\n\t\treturn Promise.resolve(retval);\r\n\t}\r\n\r\n\tpublic apply(keys: string[], query: any, columns: string[], results: any, APPLY: any , groupSplit: any) {\r\n\t\tif (keys.includes(\"APPLY\")) {\r\n\t\t\tif (keys.length > 2) {\r\n\t\t\t\treturn Promise.reject(new InsightError(keys + \" contains an invalid key\"));\r\n\t\t\t}\r\n\t\t\tlet apply = query[\"APPLY\"];\r\n\t\t\tif (Object.keys(apply).length === 0) {\r\n\t\t\t\treturn Promise.reject(new InsightError(\"must have a field for apply\"));\r\n\t\t\t}\r\n\t\t\tlet fields = Object.keys(apply);\r\n\t\t\tlet funcs: any[] = [];\r\n\t\t\tfor (let fieldIndex of fields) {\r\n\t\t\t\tlet fieldName = Object.keys(apply[fieldIndex])[0];\r\n\t\t\t\tcolumns.push(fieldName);\r\n\t\t\t\tlet operation = Object.keys(apply[fieldIndex][fieldName])[0];\r\n\t\t\t\tlet applyTokenValueSplit = apply[fieldIndex][fieldName][operation].split(\"_\", 2);\r\n\t\t\t\tif (applyTokenValueSplit[0] !== results[1]) {\r\n\t\t\t\t\treturn Promise.reject(new InsightError(applyTokenValueSplit[0] + \"refers to different dataset\"));\r\n\t\t\t\t}\r\n\t\t\t\tif (!APPLY.has(operation)) {\r\n\t\t\t\t\treturn Promise.reject(new InsightError(operation + \"is an invalid apply field\"));\r\n\t\t\t\t}\r\n\t\t\t\tfuncs.push([fieldName, apply[fieldIndex][fieldName][operation], APPLY.get(operation)!]);\r\n\t\t\t}\r\n\t\t\tlet groups = Array.from(results[0].keys());\r\n\t\t\tlet groupFields = query[\"GROUP\"];\r\n\t\t\tlet result: any[] = [];\r\n\t\t\tfor (let group of groups) {\r\n\t\t\t\tlet temp: any[any] = {};\r\n\t\t\t\tNeedsThis.convertCourseField2(this, groupFields, groupSplit, temp, results, group);\r\n\t\t\t\tfor (let func of funcs) {\r\n\t\t\t\t\tif (typeof results[0].get(group)[0][func[1]] === \"string\" && func[2].name !== \"count\") {\r\n\t\t\t\t\t\treturn Promise.reject(new InsightError(\"only count can be used for string fields\"));\r\n\t\t\t\t\t}\r\n\t\t\t\t\tNeedsThis.convertCoursesField(this, groupSplit, func);\r\n\t\t\t\t\ttemp[func[0]] = func[2](results[0].get(group), func[1]);\r\n\t\t\t\t}\r\n\t\t\t\tresult.push(temp);\r\n\t\t\t}\r\n\t\t\tresults[0] = result;\r\n\t\t\tresults.push(columns);\r\n\t\t\tresults.push(true);\t// means there was apply\r\n\t\t\treturn Promise.resolve(results);\r\n\r\n\t\t} else {\r\n\t\t\treturn Promise.reject(new InsightError(keys + \" contains an invalid key\"));\r\n\t\t}\r\n\t}\r\n\r\n\tpublic performQuery(query: any): Promise<any[]> {\r\n\t\tif(typeof query !== \"object\" ||\r\n\t\t\t\t!Utils.listFormatChecker(Object.keys(query), [\"WHERE\", \"OPTIONS\"], [\"TRANSFORMATIONS\"])) {\r\n\t\t\treturn Promise.reject(new InsightError(\"invalid query\"));\r\n\t\t} else {\r\n\t\t\treturn this.nextQuery(query[\"WHERE\"], false).then((queryResults) => {\r\n\t\t\t\tif (Object.keys(query).includes(\"TRANSFORMATIONS\")) {\r\n\t\t\t\t\treturn NeedsThis.transformations(this, queryResults, query[\"TRANSFORMATIONS\"])\r\n\t\t\t\t\t\t.then((results: any) => {\r\n\t\t\t\t\t\t\treturn this.options(results, query[\"OPTIONS\"]);\r\n\t\t\t\t\t\t});\r\n\t\t\t\t} else {\r\n\t\t\t\t\treturn this.options(queryResults, query[\"OPTIONS\"]);\r\n\t\t\t\t}\r\n\t\t\t}).catch((err)=> {\r\n\t\t\t\tif (err instanceof ResultTooLargeError){\r\n\t\t\t\t\treturn Promise.reject(err);\r\n\t\t\t\t}\r\n\t\t\t\treturn Promise.reject(new InsightError(err[\"message\"]));\r\n\t\t\t});\r\n\t\t}\r\n\t}\r\n\r\n\tpublic listDatasets(): Promise<InsightDataset[]> {\r\n\t\tlet list: InsightDataset[] = [];\r\n\t\ttry {\r\n\t\t\tlet dir = _.readdirSync(\"./data/\");\r\n\t\t\tdir.forEach((element: any) => {\r\n\t\t\t\tif (element.toString().split(\".\")[1] === \"json\" && checkFormat(element.toString().split(\".\")[0])) {\r\n\t\t\t\t\tlet file = JSON.parse(_.readFileSync(\"./data/\" + element, \"utf8\"));\r\n\t\t\t\t\tif(file.mode){\r\n\t\t\t\t\t\tlet item: InsightDataset = file.mode;\r\n\t\t\t\t\t\tlist.push(item);\r\n\t\t\t\t\t}\r\n\t\t\t\t}\r\n\t\t\t});\r\n\t\t} catch (e) {\r\n\t\t\treturn Promise.resolve(list);\r\n\t\t}\r\n\t\treturn Promise.resolve(list);\r\n\t}\r\n\r\n\tprivate getDataset(dataset: any) {\r\n\t\tlet temp = this.data.get(dataset);\r\n\t\tif (temp) {\r\n\t\t\treturn temp[1];\r\n\t\t}\r\n\t\treturn undefined;\r\n\t}\r\n}\r\n"]},"_coverageSchema":"1a1c01bbd47fc00a2c39e90264f33305004495a9","hash":"5a4dde0430137348ffb13ffcb89264c1864e7f30","contentHash":"e6e39911426749e0212f368e826450fbd9acc1c9656f2ea130ccd2dd5c9277c9"},"C:\\Users\\avery\\OneDrive\\Desktop\\CPSC 310\\project_team110\\src\\controller\\IInsightFacade.ts":{"path":"C:\\Users\\avery\\OneDrive\\Desktop\\CPSC 310\\project_team110\\src\\controller\\IInsightFacade.ts","statementMap":{"0":{"start":{"line":2,"column":0},"end":{"line":2,"column":62}},"1":{"start":{"line":3,"column":0},"end":{"line":3,"column":113}},"2":{"start":{"line":5,"column":0},"end":{"line":8,"column":89}},"3":{"start":{"line":6,"column":4},"end":{"line":6,"column":46}},"4":{"start":{"line":7,"column":4},"end":{"line":7,"column":42}},"5":{"start":{"line":11,"column":8},"end":{"line":11,"column":23}},"6":{"start":{"line":12,"column":8},"end":{"line":12,"column":52}},"7":{"start":{"line":15,"column":0},"end":{"line":15,"column":36}},"8":{"start":{"line":18,"column":8},"end":{"line":18,"column":23}},"9":{"start":{"line":19,"column":8},"end":{"line":19,"column":53}},"10":{"start":{"line":22,"column":0},"end":{"line":22,"column":38}},"11":{"start":{"line":25,"column":8},"end":{"line":25,"column":23}},"12":{"start":{"line":26,"column":8},"end":{"line":26,"column":59}},"13":{"start":{"line":29,"column":0},"end":{"line":29,"column":50}}},"fnMap":{"0":{"name":"(anonymous_0)","decl":{"start":{"line":5,"column":1},"end":{"line":5,"column":2}},"loc":{"start":{"line":5,"column":31},"end":{"line":8,"column":1}},"line":5},"1":{"name":"(anonymous_1)","decl":{"start":{"line":10,"column":4},"end":{"line":10,"column":5}},"loc":{"start":{"line":10,"column":25},"end":{"line":13,"column":5}},"line":10},"2":{"name":"(anonymous_2)","decl":{"start":{"line":17,"column":4},"end":{"line":17,"column":5}},"loc":{"start":{"line":17,"column":25},"end":{"line":20,"column":5}},"line":17},"3":{"name":"(anonymous_3)","decl":{"start":{"line":24,"column":4},"end":{"line":24,"column":5}},"loc":{"start":{"line":24,"column":25},"end":{"line":27,"column":5}},"line":24}},"branchMap":{"0":{"loc":{"start":{"line":8,"column":24},"end":{"line":8,"column":87}},"type":"binary-expr","locations":[{"start":{"line":8,"column":24},"end":{"line":8,"column":50}},{"start":{"line":8,"column":55},"end":{"line":8,"column":86}}],"line":8}},"s":{"0":1,"1":1,"2":1,"3":1,"4":1,"5":0,"6":0,"7":1,"8":0,"9":0,"10":1,"11":0,"12":0,"13":1},"f":{"0":1,"1":0,"2":0,"3":0},"b":{"0":[1,1]},"inputSourceMap":{"version":3,"file":"C:/Users/avery/OneDrive/Desktop/CPSC 310/project_team110/src/controller/IInsightFacade.ts","sources":["C:/Users/avery/OneDrive/Desktop/CPSC 310/project_team110/src/controller/IInsightFacade.ts"],"names":[],"mappings":";;;AAMA,IAAY,kBAGX;AAHD,WAAY,kBAAkB;IAC7B,yCAAmB,CAAA;IACnB,qCAAe,CAAA;AAChB,CAAC,EAHW,kBAAkB,GAAlB,0BAAkB,KAAlB,0BAAkB,QAG7B;AAQD,MAAa,YAAa,SAAQ,KAAK;IACtC,YAAY,GAAG,IAAW;QACzB,KAAK,CAAC,GAAG,IAAI,CAAC,CAAC;QACf,KAAK,CAAC,iBAAiB,CAAC,IAAI,EAAE,YAAY,CAAC,CAAC;IAC7C,CAAC;CACD;AALD,oCAKC;AAED,MAAa,aAAc,SAAQ,KAAK;IACvC,YAAY,GAAG,IAAW;QACzB,KAAK,CAAC,GAAG,IAAI,CAAC,CAAC;QACf,KAAK,CAAC,iBAAiB,CAAC,IAAI,EAAE,aAAa,CAAC,CAAC;IAC9C,CAAC;CACD;AALD,sCAKC;AAED,MAAa,mBAAoB,SAAQ,KAAK;IAC7C,YAAY,GAAG,IAAW;QACzB,KAAK,CAAC,GAAG,IAAI,CAAC,CAAC;QACf,KAAK,CAAC,iBAAiB,CAAC,IAAI,EAAE,mBAAmB,CAAC,CAAC;IACpD,CAAC;CACD;AALD,kDAKC","sourcesContent":["/*\r\n * This is the primary high-level API for the project. In this folder there should be:\r\n * A class called InsightFacade, this should be in a file called InsightFacade.ts.\r\n * You should not change this interface at all or the test suite will not work.\r\n */\r\n\r\nexport enum InsightDatasetKind {\r\n\tCourses = \"courses\",\r\n\tRooms = \"rooms\",\r\n}\r\n\r\nexport interface InsightDataset {\r\n\tid: string;\r\n\tkind: InsightDatasetKind;\r\n\tnumRows: number;\r\n}\r\n\r\nexport class InsightError extends Error {\r\n\tconstructor(...args: any[]) {\r\n\t\tsuper(...args);\r\n\t\tError.captureStackTrace(this, InsightError);\r\n\t}\r\n}\r\n\r\nexport class NotFoundError extends Error {\r\n\tconstructor(...args: any[]) {\r\n\t\tsuper(...args);\r\n\t\tError.captureStackTrace(this, NotFoundError);\r\n\t}\r\n}\r\n\r\nexport class ResultTooLargeError extends Error {\r\n\tconstructor(...args: any[]) {\r\n\t\tsuper(...args);\r\n\t\tError.captureStackTrace(this, ResultTooLargeError);\r\n\t}\r\n}\r\n\r\nexport interface IInsightFacade {\r\n\t/**\r\n\t * Add a dataset to insightUBC.\r\n\t *\r\n\t * @param id  The id of the dataset being added. Follows the format /^[^_]+$/\r\n\t * @param content  The base64 content of the dataset. This content should be in the form of a serialized zip file.\r\n\t * @param kind  The kind of the dataset\r\n\t *\r\n\t * @return Promise <string[]>\r\n\t *\r\n\t * The promise should fulfill on a successful add, reject for any failures.\r\n\t * The promise should fulfill with a string array,\r\n\t * containing the ids of all currently added datasets upon a successful add.\r\n\t * The promise should reject with an InsightError describing the error.\r\n\t *\r\n\t * An id is invalid if it contains an underscore, or is only whitespace characters.\r\n\t * If id is the same as the id of an already added dataset, the dataset should be rejected and not saved.\r\n\t *\r\n\t * After receiving the dataset, it should be processed into a data structure of\r\n\t * your design. The processed data structure should be persisted to disk; your\r\n\t * system should be able to load this persisted value into memory for answering\r\n\t * queries.\r\n\t *\r\n\t * Ultimately, a dataset must be added or loaded from disk before queries can\r\n\t * be successfully answered.\r\n\t */\r\n\taddDataset(id: string, content: string, kind: InsightDatasetKind): Promise<string[]>;\r\n\r\n\t/**\r\n\t * Remove a dataset from insightUBC.\r\n\t *\r\n\t * @param id  The id of the dataset to remove. Follows the format /^[^_]+$/\r\n\t *\r\n\t * @return Promise <string>\r\n\t *\r\n\t * The promise should fulfill upon a successful removal, reject on any error.\r\n\t * Attempting to remove a dataset that hasn't been added yet counts as an error.\r\n\t *\r\n\t * An id is invalid if it contains an underscore, or is only whitespace characters.\r\n\t *\r\n\t * The promise should fulfill the id of the dataset that was removed.\r\n\t * The promise should reject with a NotFoundError (if a valid id was not yet added)\r\n\t * or an InsightError (invalid id or any other source of failure) describing the error.\r\n\t *\r\n\t * This will delete both disk and memory caches for the dataset for the id meaning\r\n\t * that subsequent queries for that id should fail unless a new addDataset happens first.\r\n\t */\r\n\tremoveDataset(id: string): Promise<string>;\r\n\r\n\t/**\r\n\t * Perform a query on insightUBC.\r\n\t *\r\n\t * @param query  The query to be performed.\r\n\t *\r\n\t * If a query is incorrectly formatted, references a dataset not added (in memory or on disk),\r\n\t * or references multiple datasets, it should be rejected.\r\n\t *\r\n\t * @return Promise <any[]>\r\n\t *\r\n\t * The promise should fulfill with an array of results.\r\n\t * The promise should reject with a ResultTooLargeError (if the query returns too many results)\r\n\t * or an InsightError (for any other source of failure) describing the error.\r\n\t */\r\n\tperformQuery(query: any): Promise<any[]>;\r\n\r\n\t/**\r\n\t * List all currently added datasets, their types, and number of rows.\r\n\t *\r\n\t * @return Promise <InsightDataset[]>\r\n\t * The promise should fulfill an array of currently added InsightDatasets, and will only fulfill.\r\n\t */\r\n\tlistDatasets(): Promise<InsightDataset[]>;\r\n}\r\n"]},"_coverageSchema":"1a1c01bbd47fc00a2c39e90264f33305004495a9","hash":"55825e0f262a7d0bf1025afdf7626eedb7ef27c6","contentHash":"56fc853b2bda61b55a65a698f9cf16284f063da56de22364647a6b7037d7dc37"},"C:\\Users\\avery\\OneDrive\\Desktop\\CPSC 310\\project_team110\\src\\controller\\Utils.ts":{"path":"C:\\Users\\avery\\OneDrive\\Desktop\\CPSC 310\\project_team110\\src\\controller\\Utils.ts","statementMap":{"0":{"start":{"line":2,"column":22},"end":{"line":4,"column":1}},"1":{"start":{"line":3,"column":4},"end":{"line":3,"column":62}},"2":{"start":{"line":5,"column":0},"end":{"line":5,"column":62}},"3":{"start":{"line":6,"column":0},"end":{"line":6,"column":65}},"4":{"start":{"line":7,"column":25},"end":{"line":7,"column":52}},"5":{"start":{"line":8,"column":21},"end":{"line":8,"column":59}},"6":{"start":{"line":9,"column":13},"end":{"line":10,"column":84}},"7":{"start":{"line":11,"column":21},"end":{"line":11,"column":114}},"8":{"start":{"line":14,"column":8},"end":{"line":18,"column":9}},"9":{"start":{"line":15,"column":12},"end":{"line":17,"column":13}},"10":{"start":{"line":16,"column":16},"end":{"line":16,"column":29}},"11":{"start":{"line":19,"column":8},"end":{"line":23,"column":9}},"12":{"start":{"line":20,"column":12},"end":{"line":22,"column":13}},"13":{"start":{"line":21,"column":16},"end":{"line":21,"column":29}},"14":{"start":{"line":24,"column":8},"end":{"line":24,"column":20}},"15":{"start":{"line":27,"column":8},"end":{"line":31,"column":11}},"16":{"start":{"line":28,"column":12},"end":{"line":30,"column":13}},"17":{"start":{"line":29,"column":16},"end":{"line":29,"column":29}},"18":{"start":{"line":32,"column":8},"end":{"line":38,"column":11}},"19":{"start":{"line":33,"column":12},"end":{"line":37,"column":13}},"20":{"start":{"line":34,"column":16},"end":{"line":36,"column":17}},"21":{"start":{"line":35,"column":20},"end":{"line":35,"column":33}},"22":{"start":{"line":39,"column":8},"end":{"line":39,"column":20}},"23":{"start":{"line":42,"column":20},"end":{"line":42,"column":22}},"24":{"start":{"line":43,"column":8},"end":{"line":47,"column":9}},"25":{"start":{"line":44,"column":12},"end":{"line":46,"column":13}},"26":{"start":{"line":45,"column":16},"end":{"line":45,"column":30}},"27":{"start":{"line":48,"column":8},"end":{"line":48,"column":21}},"28":{"start":{"line":51,"column":8},"end":{"line":51,"column":55}},"29":{"start":{"line":54,"column":24},"end":{"line":54,"column":33}},"30":{"start":{"line":55,"column":8},"end":{"line":59,"column":11}},"31":{"start":{"line":56,"column":12},"end":{"line":58,"column":13}},"32":{"start":{"line":57,"column":16},"end":{"line":57,"column":36}},"33":{"start":{"line":60,"column":8},"end":{"line":60,"column":42}},"34":{"start":{"line":63,"column":21},"end":{"line":63,"column":37}},"35":{"start":{"line":64,"column":8},"end":{"line":66,"column":11}},"36":{"start":{"line":65,"column":12},"end":{"line":65,"column":29}},"37":{"start":{"line":67,"column":8},"end":{"line":67,"column":39}},"38":{"start":{"line":70,"column":8},"end":{"line":70,"column":23}},"39":{"start":{"line":73,"column":8},"end":{"line":73,"column":21}},"40":{"start":{"line":76,"column":8},"end":{"line":76,"column":21}},"41":{"start":{"line":79,"column":8},"end":{"line":81,"column":9}},"42":{"start":{"line":80,"column":12},"end":{"line":80,"column":24}},"43":{"start":{"line":82,"column":8},"end":{"line":82,"column":21}},"44":{"start":{"line":85,"column":27},"end":{"line":85,"column":66}},"45":{"start":{"line":86,"column":8},"end":{"line":93,"column":9}},"46":{"start":{"line":87,"column":12},"end":{"line":89,"column":13}},"47":{"start":{"line":88,"column":16},"end":{"line":88,"column":32}},"48":{"start":{"line":91,"column":13},"end":{"line":93,"column":9}},"49":{"start":{"line":92,"column":12},"end":{"line":92,"column":28}},"50":{"start":{"line":96,"column":8},"end":{"line":103,"column":9}},"51":{"start":{"line":97,"column":12},"end":{"line":99,"column":13}},"52":{"start":{"line":98,"column":16},"end":{"line":98,"column":32}},"53":{"start":{"line":101,"column":13},"end":{"line":103,"column":9}},"54":{"start":{"line":102,"column":12},"end":{"line":102,"column":28}},"55":{"start":{"line":106,"column":8},"end":{"line":117,"column":9}},"56":{"start":{"line":106,"column":21},"end":{"line":106,"column":22}},"57":{"start":{"line":107,"column":12},"end":{"line":116,"column":13}},"58":{"start":{"line":107,"column":25},"end":{"line":107,"column":30}},"59":{"start":{"line":108,"column":33},"end":{"line":108,"column":34}},"60":{"start":{"line":109,"column":16},"end":{"line":112,"column":19}},"61":{"start":{"line":110,"column":34},"end":{"line":110,"column":73}},"62":{"start":{"line":111,"column":20},"end":{"line":111,"column":41}},"63":{"start":{"line":113,"column":16},"end":{"line":115,"column":17}},"64":{"start":{"line":114,"column":20},"end":{"line":114,"column":44}},"65":{"start":{"line":120,"column":19},"end":{"line":120,"column":27}},"66":{"start":{"line":121,"column":8},"end":{"line":121,"column":28}},"67":{"start":{"line":122,"column":8},"end":{"line":122,"column":24}},"68":{"start":{"line":125,"column":18},"end":{"line":125,"column":45}},"69":{"start":{"line":126,"column":8},"end":{"line":128,"column":11}},"70":{"start":{"line":127,"column":12},"end":{"line":127,"column":90}},"71":{"start":{"line":129,"column":8},"end":{"line":129,"column":38}},"72":{"start":{"line":132,"column":18},"end":{"line":132,"column":54}},"73":{"start":{"line":133,"column":8},"end":{"line":133,"column":38}},"74":{"start":{"line":136,"column":22},"end":{"line":136,"column":38}},"75":{"start":{"line":137,"column":8},"end":{"line":141,"column":11}},"76":{"start":{"line":138,"column":12},"end":{"line":140,"column":13}},"77":{"start":{"line":139,"column":16},"end":{"line":139,"column":37}},"78":{"start":{"line":142,"column":8},"end":{"line":142,"column":23}},"79":{"start":{"line":145,"column":22},"end":{"line":145,"column":38}},"80":{"start":{"line":146,"column":8},"end":{"line":150,"column":11}},"81":{"start":{"line":147,"column":12},"end":{"line":149,"column":13}},"82":{"start":{"line":148,"column":16},"end":{"line":148,"column":37}},"83":{"start":{"line":151,"column":8},"end":{"line":151,"column":23}},"84":{"start":{"line":154,"column":23},"end":{"line":154,"column":25}},"85":{"start":{"line":155,"column":20},"end":{"line":155,"column":21}},"86":{"start":{"line":156,"column":24},"end":{"line":156,"column":49}},"87":{"start":{"line":157,"column":8},"end":{"line":163,"column":11}},"88":{"start":{"line":158,"column":24},"end":{"line":158,"column":34}},"89":{"start":{"line":159,"column":12},"end":{"line":162,"column":13}},"90":{"start":{"line":160,"column":16},"end":{"line":160,"column":35}},"91":{"start":{"line":161,"column":16},"end":{"line":161,"column":24}},"92":{"start":{"line":164,"column":8},"end":{"line":164,"column":21}},"93":{"start":{"line":167,"column":8},"end":{"line":169,"column":9}},"94":{"start":{"line":168,"column":12},"end":{"line":168,"column":25}},"95":{"start":{"line":170,"column":8},"end":{"line":172,"column":9}},"96":{"start":{"line":171,"column":12},"end":{"line":171,"column":21}},"97":{"start":{"line":173,"column":8},"end":{"line":173,"column":18}},"98":{"start":{"line":176,"column":8},"end":{"line":178,"column":9}},"99":{"start":{"line":177,"column":12},"end":{"line":177,"column":25}},"100":{"start":{"line":179,"column":8},"end":{"line":181,"column":9}},"101":{"start":{"line":180,"column":12},"end":{"line":180,"column":21}},"102":{"start":{"line":182,"column":8},"end":{"line":182,"column":18}},"103":{"start":{"line":185,"column":0},"end":{"line":185,"column":22}},"104":{"start":{"line":188,"column":8},"end":{"line":188,"column":33}},"105":{"start":{"line":189,"column":8},"end":{"line":189,"column":34}},"106":{"start":{"line":190,"column":8},"end":{"line":190,"column":31}},"107":{"start":{"line":191,"column":8},"end":{"line":191,"column":29}},"108":{"start":{"line":192,"column":8},"end":{"line":192,"column":32}},"109":{"start":{"line":193,"column":8},"end":{"line":193,"column":36}},"110":{"start":{"line":194,"column":8},"end":{"line":194,"column":36}},"111":{"start":{"line":195,"column":8},"end":{"line":195,"column":29}},"112":{"start":{"line":196,"column":8},"end":{"line":196,"column":29}},"113":{"start":{"line":197,"column":8},"end":{"line":197,"column":34}},"114":{"start":{"line":198,"column":8},"end":{"line":198,"column":29}},"115":{"start":{"line":201,"column":0},"end":{"line":201,"column":28}},"116":{"start":{"line":204,"column":8},"end":{"line":232,"column":9}},"117":{"start":{"line":205,"column":21},"end":{"line":205,"column":39}},"118":{"start":{"line":206,"column":25},"end":{"line":206,"column":34}},"119":{"start":{"line":207,"column":12},"end":{"line":207,"column":41}},"120":{"start":{"line":208,"column":12},"end":{"line":226,"column":13}},"121":{"start":{"line":209,"column":27},"end":{"line":209,"column":41}},"122":{"start":{"line":210,"column":27},"end":{"line":210,"column":39}},"123":{"start":{"line":211,"column":27},"end":{"line":211,"column":44}},"124":{"start":{"line":212,"column":16},"end":{"line":215,"column":17}},"125":{"start":{"line":213,"column":30},"end":{"line":213,"column":58}},"126":{"start":{"line":214,"column":20},"end":{"line":214,"column":41}},"127":{"start":{"line":216,"column":16},"end":{"line":219,"column":17}},"128":{"start":{"line":217,"column":30},"end":{"line":217,"column":45}},"129":{"start":{"line":218,"column":20},"end":{"line":218,"column":39}},"130":{"start":{"line":220,"column":16},"end":{"line":225,"column":17}},"131":{"start":{"line":221,"column":20},"end":{"line":224,"column":21}},"132":{"start":{"line":222,"column":34},"end":{"line":222,"column":38}},"133":{"start":{"line":223,"column":24},"end":{"line":223,"column":45}},"134":{"start":{"line":227,"column":12},"end":{"line":227,"column":31}},"135":{"start":{"line":230,"column":12},"end":{"line":230,"column":29}},"136":{"start":{"line":231,"column":12},"end":{"line":231,"column":34}},"137":{"start":{"line":235,"column":8},"end":{"line":239,"column":9}},"138":{"start":{"line":236,"column":12},"end":{"line":238,"column":13}},"139":{"start":{"line":237,"column":16},"end":{"line":237,"column":28}},"140":{"start":{"line":240,"column":8},"end":{"line":240,"column":21}},"141":{"start":{"line":243,"column":0},"end":{"line":243,"column":36}}},"fnMap":{"0":{"name":"(anonymous_0)","decl":{"start":{"line":2,"column":56},"end":{"line":2,"column":57}},"loc":{"start":{"line":2,"column":71},"end":{"line":4,"column":1}},"line":2},"1":{"name":"(anonymous_1)","decl":{"start":{"line":13,"column":4},"end":{"line":13,"column":5}},"loc":{"start":{"line":13,"column":35},"end":{"line":25,"column":5}},"line":13},"2":{"name":"(anonymous_2)","decl":{"start":{"line":26,"column":4},"end":{"line":26,"column":5}},"loc":{"start":{"line":26,"column":55},"end":{"line":40,"column":5}},"line":26},"3":{"name":"(anonymous_3)","decl":{"start":{"line":27,"column":25},"end":{"line":27,"column":26}},"loc":{"start":{"line":27,"column":36},"end":{"line":31,"column":9}},"line":27},"4":{"name":"(anonymous_4)","decl":{"start":{"line":32,"column":21},"end":{"line":32,"column":22}},"loc":{"start":{"line":32,"column":32},"end":{"line":38,"column":9}},"line":32},"5":{"name":"(anonymous_5)","decl":{"start":{"line":41,"column":4},"end":{"line":41,"column":5}},"loc":{"start":{"line":41,"column":34},"end":{"line":49,"column":5}},"line":41},"6":{"name":"(anonymous_6)","decl":{"start":{"line":50,"column":4},"end":{"line":50,"column":5}},"loc":{"start":{"line":50,"column":25},"end":{"line":52,"column":5}},"line":50},"7":{"name":"(anonymous_7)","decl":{"start":{"line":53,"column":4},"end":{"line":53,"column":5}},"loc":{"start":{"line":53,"column":36},"end":{"line":61,"column":5}},"line":53},"8":{"name":"(anonymous_8)","decl":{"start":{"line":55,"column":24},"end":{"line":55,"column":25}},"loc":{"start":{"line":55,"column":34},"end":{"line":59,"column":9}},"line":55},"9":{"name":"(anonymous_9)","decl":{"start":{"line":62,"column":4},"end":{"line":62,"column":5}},"loc":{"start":{"line":62,"column":29},"end":{"line":68,"column":5}},"line":62},"10":{"name":"(anonymous_10)","decl":{"start":{"line":64,"column":24},"end":{"line":64,"column":25}},"loc":{"start":{"line":64,"column":34},"end":{"line":66,"column":9}},"line":64},"11":{"name":"(anonymous_11)","decl":{"start":{"line":69,"column":4},"end":{"line":69,"column":5}},"loc":{"start":{"line":69,"column":24},"end":{"line":71,"column":5}},"line":69},"12":{"name":"(anonymous_12)","decl":{"start":{"line":72,"column":4},"end":{"line":72,"column":5}},"loc":{"start":{"line":72,"column":29},"end":{"line":74,"column":5}},"line":72},"13":{"name":"(anonymous_13)","decl":{"start":{"line":75,"column":4},"end":{"line":75,"column":5}},"loc":{"start":{"line":75,"column":26},"end":{"line":77,"column":5}},"line":75},"14":{"name":"(anonymous_14)","decl":{"start":{"line":78,"column":4},"end":{"line":78,"column":5}},"loc":{"start":{"line":78,"column":32},"end":{"line":83,"column":5}},"line":78},"15":{"name":"(anonymous_15)","decl":{"start":{"line":84,"column":4},"end":{"line":84,"column":5}},"loc":{"start":{"line":84,"column":55},"end":{"line":94,"
[...]
,CAAC,CAAC;SACxC;QACD,aAAK,CAAC,IAAI,CAAC,OAAO,CAAC,CAAC,CAAC,EAAE,KAAK,CAAC,MAAM,CAAC,EAAE,YAAY,CAAC,GAAG,CAAC,KAAK,CAAC,KAAK,CAAC,CAAC,CAAC,CAAC;IACvE,CAAC;IAEM,MAAM,CAAC,eAAe,CAAC,GAAQ,EAAE,OAAY,EAAE,KAAU;QAC/D,IAAI,OAAO,GAAa,EAAE,CAAC;QAC3B,MAAM,KAAK,GAAG,IAAI,GAAG,CAAC,CAAC,CAAC,KAAK,EAAG,aAAK,CAAC,GAAG,CAAC,EAAC,CAAC,KAAK,EAAG,aAAK,CAAC,GAAG,CAAC;YAC7D,CAAC,KAAK,EAAG,aAAK,CAAC,GAAG,CAAC,EAAE,CAAE,OAAO,EAAG,aAAK,CAAC,KAAK,CAAC,EAAC,CAAE,KAAK,EAAE,aAAK,CAAC,GAAG,CAAC,CAAC,CAAC,CAAC;QACrE,IAAI,IAAI,GAAG,MAAM,CAAC,IAAI,CAAC,KAAK,CAAC,CAAC;QAC9B,IAAI,CAAC,IAAI,CAAC,QAAQ,CAAC,OAAO,CAAC,EAAE;YAC5B,OAAO,OAAO,CAAC,MAAM,CAAC,IAAI,6BAAY,CAAC,oBAAoB,CAAC,CAAC,CAAC;SAC9D;QAED,IAAI,UAAU,GAAG,KAAK,CAAC,OAAO,CAAC,CAAC,CAAC,CAAC,CAAC,KAAK,CAAC,GAAG,EAAC,CAAC,CAAC,CAAC;QAChD,KAAK,IAAI,CAAC,IAAI,KAAK,CAAC,OAAO,CAAC,EAAC;YAC5B,IAAI,UAAU,GAAG,CAAC,CAAC,KAAK,CAAC,GAAG,EAAE,CAAC,CAAC,CAAC;YACjC,IAAI,UAAU,CAAC,CAAC,CAAC,KAAK,OAAO,CAAC,CAAC,CAAC,EAAE;gBACjC,OAAO,OAAO,CAAC,MAAM,CAAC,IAAI,6BAAY,CAAC,UAAU,CAAC,CAAC,CAAC,GAAG,8BAA8B,CAAC,CAAC,CAAC;aACxF;YACD,IAAI,SAAS,CAAC,cAAc,CAAC,OAAO,CAAC,CAAC,CAAC,EAAE,GAAG,CAAC,IAAI,CAAC,KAAK,OAAO,EAAE;gBAC/D,IAAI,uBAAa,CAAC,MAAM,CAAC,OAAO,CAAC,UAAU,CAAC,CAAC,CAAC,CAAC,KAAK,CAAC,CAAC,EAAC;oBACtD,OAAO,OAAO,CAAC,MAAM,CAAC,IAAI,6BAAY,CAAC,UAAU,CAAC,CAAC,CAAC,GAAG,yBAAyB,CAAC,CAAC,CAAC;iBACnF;aACD;iBAAM;gBACN,IAAI,uBAAa,CAAC,MAAM,CAAC,OAAO,CAAC,UAAU,CAAC,CAAC,CAAC,CAAC,KAAK,CAAC,CAAC,EAAC;oBACtD,OAAO,OAAO,CAAC,MAAM,CAAC,IAAI,6BAAY,CAAC,UAAU,CAAC,CAAC,CAAC,GAAG,yBAAyB,CAAC,CAAC,CAAC;iBACnF;aACD;SACD;QAED,IAAI,SAAS,CAAC,cAAc,CAAC,UAAU,CAAC,CAAC,CAAC,EAAE,GAAG,CAAC,IAAI,CAAC,KAAK,OAAO,EAAE;YAClE,OAAO,CAAC,CAAC,CAAC,GAAG,SAAS,CAAC,KAAK,CAAC,OAAO,CAAC,CAAC,CAAC,EAAE,KAAK,CAAC,OAAO,CAAC,CAAC,CAAC;YACzD,OAAO,GAAG,OAAO,CAAC,MAAM,CAAC,KAAK,CAAC,OAAO,CAAC,CAAC,CAAC;SACzC;aAAM;YACN,IAAI,oBAAoB,GAAU,EAAE,CAAC;YACrC,IAAI,kBAAkB,GAAG,EAAE,CAAC;YAC5B,KAAK,IAAI,CAAC,IAAI,KAAK,CAAC,OAAO,CAAC,EAAC;gBAC5B,kBAAkB,CAAC,IAAI,CAAC,CAAC,CAAC,CAAC;gBAC3B,IAAI,IAAI,GAAG,CAAC,CAAC,KAAK,CAAC,GAAG,CAAC,CAAC,CAAC,CAAC,CAAC;gBAC3B,IAAI,uBAAa,CAAC,cAAc,CAAC,GAAG,CAAC,IAAI,CAAC,EAAE;oBAC3C,IAAI,GAAG,uBAAa,CAAC,cAAc,CAAC,GAAG,CAAC,IAAI,CAAE,CAAC;iBAC/C;gBACD,IAAI,IAAI,KAAK,IAAI,EAAG;oBACnB,IAAI,GAAI,IAAI,CAAC,CAAC,CAAC,CAAC,WAAW,EAAE,GAAG,IAAI,CAAC,SAAS,CAAC,CAAC,CAAC,CAAC;iBAClD;gBACD,oBAAoB,CAAC,IAAI,CAAC,IAAI,CAAC,CAAC;aAChC;YACD,OAAO,CAAC,CAAC,CAAC,GAAG,SAAS,CAAC,KAAK,CAAC,OAAO,CAAC,CAAC,CAAC,EAAE,oBAAoB,CAAC,CAAC;YAC/D,IAAI,UAAU,GAAG,IAAI,GAAG,CAAC,kBAAkB,CAAC,CAAC;YAC7C,kBAAkB,GAAG,KAAK,CAAC,IAAI,CAAE,UAAU,CAAE,CAAC;YAC9C,OAAO,GAAG,OAAO,CAAC,MAAM,CAAC,kBAAkB,CAAC,CAAC;SAC7C;QACD,OAAO,GAAG,CAAC,KAAK,CAAC,IAAI,EAAE,KAAK,EAAE,OAAO,EAAE,OAAO,EAAE,KAAK,EAAE,UAAU,CAAC,CAAC;IACpE,CAAC;IAEM,MAAM,CAAC,gBAAgB,CAAC,GAAQ,EAAE,KAAU,EAAE,GAAY;QAChE,IAAI,IAAI,GAAG,MAAM,CAAC,IAAI,CAAC,KAAK,CAAC,CAAC;QAC9B,IAAG,IAAI,CAAC,MAAM,KAAK,CAAC,EAAE;YACrB,OAAO,OAAO,CAAC,MAAM,CAAC,IAAI,6BAAY,CAAC,iCAAiC,CAAC,CAAC,CAAC;SAC3E;QACD,IAAI,KAAK,GAAG,KAAK,CAAC,IAAI,CAAC,CAAC,CAAC,CAAC,CAAC;QAC3B,IAAI,KAAK,GAAG,IAAI,CAAC,CAAC,CAAC,CAAC,KAAK,CAAC,GAAG,EAAE,CAAC,CAAC,CAAC;QAClC,IAAI,WAAW,GAAG,KAAK,CAAC,CAAC,CAAC,CAAC;QAC3B,IAAI,KAAK,GAAW,KAAK,CAAC,CAAC,CAAC,CAAC;QAC7B,IAAI,OAAO,KAAK,KAAK,QAAQ,IAAK,CAAC,uBAAa,CAAC,MAAM,CAAC,QAAQ,CAAC,KAAK,CAAC,EAAE;YACxE,OAAO,OAAO,CAAC,MAAM,CAAC,IAAI,6BAAY,CAAC,iCAAiC,CAAC,CAAC,CAAC;SAC3E;QACD,IAAI,uBAAa,CAAC,cAAc,CAAC,GAAG,CAAC,KAAK,CAAC,EAAE;YAC5C,KAAK,GAAG,uBAAa,CAAC,cAAc,CAAC,GAAG,CAAC,KAAK,CAAE,CAAC;SACjD;QACD,IAAI,OAAO,GAAG,GAAG,CAAC,UAAU,CAAC,WAAW,CAAC,CAAC;QAC1C,IAAI,MAAM,GAAG,IAAI,GAAG,EAAE,CAAC;QACvB,IAAI,OAAO,EAAE;YACZ,IAAI,SAAS,CAAC,cAAc,CAAC,WAAW,EAAE,GAAG,CAAC,IAAI,CAAC,KAAK,OAAO,EAAE;gBAChE,KAAK,GAAG,IAAI,CAAC,CAAC,CAAC,CAAC;aAChB;YACD,OAAO,CAAC,OAAO,CAAC,CAAC,GAAQ,EAAE,EAAE;gBAC5B,IAAI,KAAK,CAAC,QAAQ,CAAC,GAAG,CAAC,EAAE;oBACxB,aAAK,CAAC,WAAW,CAAC,GAAG,EAAE,GAAG,EAAE,KAAK,EAAE,KAAK,EAAE,MAAM,CAAC,CAAC;iBAClD;qBAAM;oBACN,aAAK,CAAC,WAAW,CAAC,GAAG,EAAE,GAAG,EAAE,KAAK,EAAE,KAAK,EAAE,MAAM,CAAC,CAAC;iBAClD;YACF,CAAC,CAAC,CAAC;YACH,OAAO,OAAO,CAAC,OAAO,CAAC,CAAC,MAAM,EAAE,WAAW,CAAC,CAAC,CAAC;SAC9C;aAAK;YACL,OAAO,OAAO,CAAC,MAAM,CAAC,IAAI,6BAAY,CAAC,sBAAsB,CAAC,CAAC,CAAC;SAChE;IACF,CAAC;IAEM,MAAM,CAAC,eAAe,CAAC,GAAQ,EAAE,KAAU,EAAE,UAAe,EAAE,GAAY;QAChF,IAAI,MAAM,GAAG,CAAC,KAAK,EAAG,MAAM,EAAG,MAAM,EAAG,OAAO,EAAG,MAAM,EAAE,KAAK,EAAG,KAAK,EAAG,OAAO,CAAC,CAAC;QACnF,IAAI,IAAI,GAAG,MAAM,CAAC,IAAI,CAAC,KAAK,CAAC,CAAC;QAC9B,IAAG,IAAI,CAAC,MAAM,KAAK,CAAC,EAAE;YACrB,OAAO,OAAO,CAAC,MAAM,CAAC,IAAI,6BAAY,CAAC,iCAAiC,CAAC,CAAC,CAAC;SAC3E;QACD,IAAI,KAAK,GAAG,KAAK,CAAC,IAAI,CAAC,CAAC,CAAC,CAAC,CAAC;QAC3B,IAAI,KAAK,GAAG,IAAI,CAAC,CAAC,CAAC,CAAC,KAAK,CAAC,GAAG,EAAE,CAAC,CAAC,CAAC;QAClC,IAAI,WAAW,GAAG,KAAK,CAAC,CAAC,CAAC,CAAC;QAE3B,IAAI,KAAK,GAAY,KAAK,CAAC,CAAC,CAAC,CAAC,CAAC,CAAC,CAAC,WAAW,EAAE,GAAG,KAAK,CAAC,CAAC,CAAC,CAAC,SAAS,CAAC,CAAC,CAAC,CAAC;QACvE,IAAI,OAAO,KAAK,KAAK,QAAQ,IAAI,CAAC,MAAM,CAAC,QAAQ,CAAC,KAAK,CAAC,EAAE;YACzD,OAAO,OAAO,CAAC,MAAM,CAAC,IAAI,6BAAY,CAAC,0BAA0B,CAAC,CAAC,CAAC;SACpE;QACD,IAAI,OAAO,GAAG,GAAG,CAAC,UAAU,CAAC,WAAW,CAAC,CAAC;QAC1C,IAAI,OAAO,EAAE;YACZ,IAAI,SAAS,CAAC,cAAc,CAAC,WAAW,EAAE,GAAG,CAAC,IAAI,CAAC,KAAK,OAAO,EAAE;gBAChE,KAAK,GAAG,IAAI,CAAC,CAAC,CAAC,CAAC;aAChB;YACD,IAAI,MAAM,GAAG,IAAI,GAAG,EAAE,CAAC;YACvB,OAAO,CAAC,OAAO,CAAC,CAAC,GAAQ,EAAE,EAAE;gBAE5B,IAAI,GAAG,EAAE;oBACR,IAAI,CAAC,UAAU,CAAC,GAAG,CAAC,KAAK,CAAC,EAAE,KAAK,CAAC,EAAE;wBACnC,MAAM,CAAC,GAAG,CAAC,GAAG,CAAC,CAAC;qBAChB;iBACD;qBAAM,IAAI,UAAU,CAAC,GAAG,CAAC,KAAK,CAAC,EAAE,KAAK,CAAC,EAAE;oBACzC,MAAM,CAAC,GAAG,CAAC,GAAG,CAAC,CAAC;iBAChB;YAEF,CAAC,CAAC,CAAC;YACH,OAAO,OAAO,CAAC,OAAO,CAAC,CAAC,MAAM,EAAE,WAAW,CAAC,CAAC,CAAC;SAC9C;aAAM;YACN,OAAO,OAAO,CAAC,MAAM,CAAC,IAAI,6BAAY,CAAC,sBAAsB,CAAC,CAAC,CAAC;SAChE;IACF,CAAC;IAEM,MAAM,CAAC,UAAU,CAAC,GAAQ,EAAE,KAAU,EAAE,KAA8B,EAAE,GAAY;QAC1F,IAAI,IAAI,GAAG,MAAM,CAAC,IAAI,CAAC,KAAK,CAAC,CAAC;QAC9B,IAAG,IAAI,CAAC,MAAM,GAAG,CAAC,EAAE;YACnB,OAAO,OAAO,CAAC,MAAM,CAAC,IAAI,6BAAY,CAAC,2BAA2B,CAAC,CAAC,CAAC;SACrE;QACD,IAAI,QAAQ,GAAU,EAAE,CAAC;QACzB,IAAI,CAAC,OAAO,CAAC,CAAC,GAAG,EAAE,EAAE;YACpB,QAAQ,CAAC,IAAI,CAAC,IAAI,OAAO,CAAC,CAAC,OAAO,EAAE,MAAM,EAAE,EAAE;gBAC7C,OAAO,CAAC,GAAG,CAAC,SAAS,CAAC,KAAK,CAAC,GAAG,CAAC,EAAE,GAAG,CAAC,CAAC,CAAC;gBACxC,MAAM,CAAC,CAAC,GAAQ,EAAC,EAAE;oBAClB,OAAO,GAAG,CAAC;gBACZ,CAAC,CAAC,CAAC;YACJ,CAAC,CAAC,CAAC,CAAC;QACL,CAAC,CAAC,CAAC;QAEH,OAAO,OAAO,CAAC,GAAG,CAAC,QAAQ,CAAC,CAAC,IAAI,CAAC,KAAK,EAAE,IAAI,EAAE,EAAE;YAChD,IAAI,UAAU,GAAG,IAAI,CAAC,CAAC,CAAC,CAAC;YACzB,KAAK,IAAI,CAAC,GAAG,CAAC,EAAE,CAAC,GAAG,IAAI,CAAC,MAAM,EAAE,CAAC,EAAE,EAAE;gBACrC,IAAI,UAAU,CAAC,CAAC,CAAC,KAAK,IAAI,CAAC,CAAC,CAAC,CAAC,CAAC,CAAC,EAAE;oBACjC,OAAO,OAAO,CAAC,MAAM,CAAC,IAAI,6BAAY,CAAC,kCAAkC,CAAC,CAAC,CAAC;iBAC5E;gBACD,MAAM,KAAK,CAAC,UAAU,EAAE,IAAI,CAAC,CAAC,CAAC,CAAC,CAAC,IAAI,CAAC,CAAC,KAAU,EAAE,EAAE;oBACpD,UAAU,GAAG,CAAC,KAAK,EAAE,UAAU,CAAC,CAAC,CAAC,CAAC,CAAC;gBACrC,CAAC,CAAC,CAAC;aACH;YACD,OAAO,OAAO,CAAC,OAAO,CAAC,UAAU,CAAC,CAAC;QACpC,CAAC,CAAC,CAAC;IACJ,CAAC;IAEM,MAAM,CAAC,iBAAiB,CAAC,YAAiB,EAAE,KAAU;QAC5D,IAAI,YAAY,KAAK,SAAS,IAAI,CAAC,YAAa,CAAC,QAAQ,CAAC,KAAK,CAAC,EAAE;YACjE,IAAI,MAAM,GAAG,KAAK,CAAC,KAAK,CAAC,GAAG,CAAC,CAAC,CAAC,CAAC,CAAC;YACjC,IAAI,KAAK,GAAG,uBAAa,CAAC,cAAc,CAAC,GAAG,CAAC,MAAM,CAAC,CAAC;YACrD,IAAG,CAAC,CAAC,MAAM,KAAK,SAAS,IAAI,YAAa,CAAC,QAAQ,CAAC,KAAK,CAAC,CAAC,EAAC;gBAC3D,OAAO,IAAI,CAAC;aACZ;SACD;QACD,OAAO,KAAK,CAAC;IACd,CAAC;IAEM,MAAM,CAAC,eAAe,CAAC,KAAU,EAAE,OAAY;QACrD,IAAI,UAAU,GAAgB,KAAK,CAAC,OAAO,CAAC,CAAC,MAAM,CAAC,CAAC;QACrD,IAAI,GAAG,GAAG,KAAK,CAAC,OAAO,CAAC,CAAC,KAAK,CAAC,CAAC;QAChC,IAAI,UAAU,KAAK,SAAS,IAAI,GAAG,KAAK,SAAS,EAAC;YACjD,OAAO,CAAC,CAAC;SACT;QACD,KAAI,IAAI,KAAK,IAAI,UAAU,EAAE;YAC5B,IAAI,CAAC,OAAO,CAAC,QAAQ,CAAC,KAAK,CAAC,EAAE;gBAC7B,OAAO,CAAC,CAAC;aACT;SACD;QACD,OAAO,CAAC,CAAC;IACV,CAAC;IAEM,MAAM,CAAC,oBAAoB,CAAC,OAAY,EAAE,IAAS,EAAE,GAAQ;QACnE,IAAI,SAAS,CAAC,cAAc,CAAC,OAAO,CAAC,CAAC,CAAC,EAAE,GAAG,CAAC,IAAI,CAAC,KAAK,mCAAkB,CAAC,OAAO;YAChF,OAAO,CAAC,CAAC,CAAC,KAAK,SAAS,EAAE;YAC1B,IAAI,IAAI,CAAC,KAAK,CAAC,GAAG,CAAC,CAAC,CAAC,CAAC,KAAK,SAAS,EAAE;gBACrC,IAAI,GAAG,IAAI,CAAC,KAAK,CAAC,GAAG,CAAC,CAAC,CAAC,CAAC,CAAC;gBAE1B,IAAI,uBAAa,CAAC,cAAc,CAAC,GAAG,CAAC,IAAI,CAAC,EAAE;oBAC3C,IAAI,GAAG,uBAAa,CAAC,cAAc,CAAC,GAAG,CAAC,IAAI,CAAC,CAAC;iBAC9C;gBACD,IAAI,IAAI,KAAK,IAAI,EAAE;oBAClB,IAAI,GAAG,IAAI,CAAC,CAAC,CAAC,CAAC,WAAW,EAAE,GAAG,IAAI,CAAC,SAAS,CAAC,CAAC,CAAC,CAAC;iBACjD;aACD;SACD;QACD,OAAO,IAAI,CAAC;IACb,CAAC;IAEM,MAAM,CAAC,UAAU,CAAC,KAAU,EAAE,OAAY;QAChD,IAAI,SAAS,CAAC,eAAe,CAAC,KAAK,EAAE,OAAO,CAAC,KAAK,CAAC,EAAE;YACpD,OAAO,KAAK,CAAC;SAEb;aAAM,IAAI,SAAS,CAAC,eAAe,CAAC,KAAK,EAAE,OAAO,CAAC,KAAK,CAAC,EAAE;YAC3D,OAAO,KAAK,CAAC;SACb;QACD,OAAO,IAAI,CAAC;IACb,CAAC;CACD;AAjRD,8BAiRC;AAED,SAAgB,aAAa,CAAC,GAAU;IACvC,IAAI,GAAG,KAAK,SAAS,IAAI,GAAG,KAAK,IAAI,EAAC;QACrC,OAAO,KAAK,CAAC;KACb;IACD,OAAO,IAAI,CAAC;AACb,CAAC;AALD,sCAKC","sourcesContent":["import JSZip from \"jszip\";\r\nimport {InsightDatasetKind, InsightError} from \"./IInsightFacade\";\r\nimport InsightFacade from \"./InsightFacade\";\r\nimport {Utils} from \"./Utils\";\r\nimport * as _ from \"fs-extra\";\r\n\r\nexport class NeedsThis {\r\n\tpublic static getDatasetKind(dataset: any, data: { get: (arg0: any) => any; }) {\r\n\t\tlet temp = data.get(dataset);\r\n\t\tif (temp) {\r\n\t\t\treturn temp[0][\"kind\"];\r\n\t\t}\r\n\t\treturn undefined;\r\n\t}\r\n\r\n\tpublic  static queryNot(query: any, not: boolean, obj: any){\r\n\t\tlet keys = Object.keys(query);\r\n\t\tif(keys.length !== 1) {\r\n\t\t\treturn Promise.reject(new InsightError(\"more than one query after NOT\"));\r\n\t\t}\r\n\t\treturn Promise.resolve(obj.nextQuery(query, !not));\r\n\t}\r\n\r\n\tpublic static convertCoursesField(obj: any, groupSplit: any, func: any) {\r\n\t\tif (NeedsThis.getDatasetKind(groupSplit[0], obj.data) === \"courses\" && func[1].includes(\"_\")) {\r\n\t\t\tfunc[1] = func[1].split(\"_\")[1];\r\n\t\t\tif (InsightFacade.CONVERT_FIELDS.has(func[1])) {\r\n\t\t\t\tfunc[1] = InsightFacade.CONVERT_FIELDS.get(func[1])!;\r\n\t\t\t}\r\n\t\t\tif (func[1] !== \"id\") {\r\n\t\t\t\tfunc[1] = func[1][0].toUpperCase() + func[1].substring(1);\r\n\t\t\t}\r\n\t\t}\r\n\t}\r\n\r\n\tpublic static convertCourseField2(obj: any, groupFields: any, groupSplit: any, temp: any, result: any, group: any) {\r\n\t\tfor (let field of groupFields) {\r\n\t\t\tif (NeedsThis.getDatasetKind(groupSplit[0], obj.data) === \"courses\" && field.includes(\"_\")) {\r\n\t\t\t\tlet splitField = field.split(\"_\")[1];\r\n\t\t\t\tif (InsightFacade.CONVERT_FIELDS.has(splitField)) {\r\n\t\t\t\t\tsplitField = InsightFacade.CONVERT_FIELDS.get(splitField)!;\r\n\t\t\t\t}\r\n\t\t\t\tif (splitField !== \"id\") {\r\n\t\t\t\t\tsplitField = splitField[0].toUpperCase() + splitField.substring(1);\r\n\t\t\t\t}\r\n\t\t\t\ttemp[field] = result[0].get(group)[0][splitField];\r\n\t\t\t} else {\r\n\t\t\t\ttemp[field] = result[0].get(group)[0][field];\t// take any group member to get the fields\r\n\t\t\t}\r\n\t\t\t// temp[field] = result[0].get(group)[0][field];\r\n\t\t}\r\n\t}\r\n\r\n\t// takes set of rows and groups by list of keys, returns map[key values, list of rows]\r\n\tpublic static group(results: any, keys: any) {\r\n\t\tconst groups = new Map();\r\n\t\tresults.forEach((row: any) => {\r\n\t\t\tlet  rowValues: any[] = [];\r\n\t\t\tkeys.forEach((key: any) => {\r\n\t\t\t\trowValues.push(row[key]);\r\n\t\t\t});\r\n\t\t\tif (!groups.has(JSON.stringify(rowValues))){\r\n\t\t\t\tgroups.set(JSON.stringify(rowValues), []);\r\n\t\t\t}\r\n\t\t\tgroups.get(JSON.stringify(rowValues)).push(row);\r\n\t\t});\r\n\t\treturn groups;\r\n\t}\r\n\r\n\tpublic static order(results: any, query: any) {\r\n\t\tconst orderConvert = new Map([[\"UP\",Utils.up], [\"DOWN\", Utils.down]]);\r\n\t\tif (!Utils.isEqual(Object.keys(query), [\"dir\", \"keys\"])) {\r\n\t\t\tthrow new InsightError(\"invalid order\");\r\n\t\t}\r\n\t\tUtils.sort(results[0], query[\"keys\"], orderConvert.get(query[\"dir\"]));\r\n\t}\r\n\r\n\tpublic static transformations(obj: any, results: any, query: any) {\r\n\t\tlet columns: string[] = [];\r\n\t\tconst APPLY = new Map([[\"MAX\" , Utils.max],[\"MIN\" , Utils.min],\r\n\t\t\t[\"AVG\" , Utils.avg], [ \"COUNT\" , Utils.count],[ \"SUM\", Utils.sum]]);\r\n\t\tlet keys = Object.keys(query);\r\n\t\tif (!keys.includes(\"GROUP\")) {\r\n\t\t\treturn Promise.reject(new InsightError(\"Must include group\"));\r\n\t\t}\r\n\r\n\t\tlet groupSplit = query[\"GROUP\"][0].split(\"_\",2);\t// [0] is dataset name [1] is field to group on\r\n\t\tfor (let g of query[\"GROUP\"]){\r\n\t\t\tlet fieldSplit = g.split(\"_\", 2);\r\n\t\t\tif (fieldSplit[0] !== results[1]) {\r\n\t\t\t\treturn Promise.reject(new InsightError(fieldSplit[0] + \" refers to different dataset\"));\r\n\t\t\t}\r\n\t\t\tif (NeedsThis.getDatasetKind(results[1], obj.data) === \"rooms\") {\r\n\t\t\t\tif (InsightFacade.FIELDS.indexOf(fieldSplit[1]) === -1){\r\n\t\t\t\t\treturn Promise.reject(new InsightError(fieldSplit[1] + \" is invalid group field\"));\r\n\t\t\t\t}\r\n\t\t\t} else {\r\n\t\t\t\tif (InsightFacade.FIELDS.indexOf(fieldSplit[1]) === -1){\r\n\t\t\t\t\treturn Promise.reject(new InsightError(fieldSplit[1] + \" is invalid group field\"));\r\n\t\t\t\t}\r\n\t\t\t}\r\n\t\t}\r\n\r\n\t\tif (NeedsThis.getDatasetKind(groupSplit[0], obj.data) === \"rooms\") {\r\n\t\t\tresults[0] = NeedsThis.group(results[0], query[\"GROUP\"]);\r\n\t\t\tcolumns = columns.concat(query[\"GROUP\"]);\r\n\t\t} else {\r\n\t\t\tlet groupWithoutDataname: any[] = [];\r\n\t\t\tlet optionsCheckGroups = [];\r\n\t\t\tfor (let g of query[\"GROUP\"]){\r\n\t\t\t\toptionsCheckGroups.push(g);\r\n\t\t\t\tlet temp = g.split(\"_\")[1];\r\n\t\t\t\tif (InsightFacade.CONVERT_FIELDS.has(temp)) {\r\n\t\t\t\t\ttemp = InsightFacade.CONVERT_FIELDS.get(temp)!;\r\n\t\t\t\t}\r\n\t\t\t\tif (temp !== \"id\" ) {\r\n\t\t\t\t\ttemp =  temp[0].toUpperCase() + temp.substring(1);\r\n\t\t\t\t}\r\n\t\t\t\tgroupWithoutDataname.push(temp);\r\n\t\t\t}\r\n\t\t\tresults[0] = NeedsThis.group(results[0], groupWithoutDataname); // results[0] is now a map instead of a list\r\n\t\t\tlet columnsSet = new Set(optionsCheckGroups);\r\n\t\t\toptionsCheckGroups = Array.from( columnsSet );\r\n\t\t\tcolumns = columns.concat(optionsCheckGroups);\r\n\t\t}\r\n\t\treturn obj.apply(keys, query, columns, results, APPLY, groupSplit);\r\n\t}\r\n\r\n\tpublic static querySComparator(obj: any, query: any, not: boolean): Promise<any> {\r\n\t\tlet keys = Object.keys(query);\r\n\t\tif(keys.length !== 1) {\r\n\t\t\treturn Promise.reject(new InsightError(\"more than one string comparator\"));\r\n\t\t}\r\n\t\tlet value = query[keys[0]];\r\n\t\tlet split = keys[0].split(\"_\", 2);\r\n\t\tlet datasetName = split[0];\r\n\t\tlet\tfield: string = split[1];\r\n\t\tif (typeof value !== \"string\" ||  !InsightFacade.FIELDS.includes(field)) {\r\n\t\t\treturn Promise.reject(new InsightError(\"invalid string comparator field\"));\r\n\t\t}\r\n\t\tif (InsightFacade.CONVERT_FIELDS.has(field)) {\r\n\t\t\tfield = InsightFacade.CONVERT_FIELDS.get(field)!;\r\n\t\t}\r\n\t\tlet dataset = obj.getDataset(datasetName);\r\n\t\tlet retval = new Set();\r\n\t\tif (dataset) {\r\n\t\t\tif (NeedsThis.getDatasetKind(datasetName, obj.data) === \"rooms\") {\r\n\t\t\t\tfield = keys[0];\r\n\t\t\t}\r\n\t\t\tdataset.forEach((row: any) => {\r\n\t\t\t\tif (value.includes(\"*\")) {\r\n\t\t\t\t\tUtils.regexEquals(not, row, field, value, retval);\r\n\t\t\t\t} else {\r\n\t\t\t\t\tUtils.fieldEquals(not, row, field, value, retval);\r\n\t\t\t\t}\r\n\t\t\t});\r\n\t\t\treturn Promise.resolve([retval, datasetName]);\r\n\t\t} else{\r\n\t\t\treturn Promise.reject(new InsightError(\"dataset doesnt exist\"));\r\n\t\t}\r\n\t}\r\n\r\n\tpublic static queryComparator(obj: any, query: any, comparator: any, not: boolean){\r\n\t\tlet FIELDS = [\"Avg\" , \"Pass\" , \"Fail\" , \"Audit\" , \"Year\", \"Lat\" , \"Lon\" , \"Seats\"];\r\n\t\tlet keys = Object.keys(query);\r\n\t\tif(keys.length !== 1) {\r\n\t\t\treturn Promise.reject(new InsightError(\"more than one number comparator\"));\r\n\t\t}\r\n\t\tlet value = query[keys[0]];\r\n\t\tlet split = keys[0].split(\"_\", 2);\r\n\t\tlet datasetName = split[0];\r\n\r\n\t\tlet\tfield: string =  split[1][0].toUpperCase() + split[1].substring(1);\r\n\t\tif (typeof value !== \"number\" || !FIELDS.includes(field)) {\r\n\t\t\treturn Promise.reject(new InsightError(\"invalid comparator field\"));\r\n\t\t}\r\n\t\tlet dataset = obj.getDataset(datasetName);\r\n\t\tif (dataset) {\r\n\t\t\tif (NeedsThis.getDatasetKind(datasetName, obj.data) === \"rooms\") {\r\n\t\t\t\tfield = keys[0];\r\n\t\t\t}\r\n\t\t\tlet retval = new Set();\r\n\t\t\tdataset.forEach((row: any) => {\r\n\r\n\t\t\t\tif (not) {\r\n\t\t\t\t\tif (!comparator(row[field], value)) {\r\n\t\t\t\t\t\tretval.add(row);\r\n\t\t\t\t\t}\r\n\t\t\t\t} else if (comparator(row[field], value)) {\r\n\t\t\t\t\tretval.add(row);\r\n\t\t\t\t}\r\n\r\n\t\t\t});\r\n\t\t\treturn Promise.resolve([retval, datasetName]);\r\n\t\t} else {\r\n\t\t\treturn Promise.reject(new InsightError(\"dataset doesnt exist\"));\r\n\t\t}\r\n\t}\r\n\r\n\tpublic static queryLogic(obj: any, query: any, logic: (a: any, b: any) => any, not: boolean): Promise<any>{\r\n\t\tlet keys = Object.keys(query);\r\n\t\tif(keys.length < 2) {\r\n\t\t\treturn Promise.reject(new InsightError(\"more than one logic query\"));\r\n\t\t}\r\n\t\tlet promises: any[] = [];\r\n\t\tkeys.forEach((key) => {\r\n\t\t\tpromises.push(new Promise((resolve, reject) => {\r\n\t\t\t\tresolve(obj.nextQuery(query[key], not));\r\n\t\t\t\treject((err: any)=> {\r\n\t\t\t\t\treturn err;\r\n\t\t\t\t});\r\n\t\t\t}));\r\n\t\t});\r\n\r\n\t\treturn Promise.all(promises).then(async (sets) => {\r\n\t\t\tlet currentSet = sets[0];\r\n\t\t\tfor (let i = 1; i < sets.length; i++) {\r\n\t\t\t\tif (currentSet[1] !== sets[i][1]) {\r\n\t\t\t\t\treturn Promise.reject(new InsightError(\"More than one dataset referenced\"));\r\n\t\t\t\t}\r\n\t\t\t\tawait logic(currentSet, sets[i]).then((value: any) => {\r\n\t\t\t\t\tcurrentSet = [value, currentSet[1]];\r\n\t\t\t\t});\r\n\t\t\t}\r\n\t\t\treturn Promise.resolve(currentSet);\r\n\t\t});\r\n\t}\r\n\r\n\tpublic static checkValidColumns(validColumns: any, field: any){\r\n\t\tif (validColumns !== undefined && !validColumns!.includes(field)) {\r\n\t\t\tlet sCheck = field.split(\"_\")[1];\r\n\t\t\tlet temp1 = InsightFacade.CONVERT_FIELDS.get(sCheck);\r\n\t\t\tif(!(sCheck !== undefined && validColumns!.includes(temp1))){\r\n\t\t\t\treturn true;\t// return true if invlid columns\r\n\t\t\t}\r\n\t\t}\r\n\t\treturn false;\r\n\t}\r\n\r\n\tpublic static checkValidOrder(query: any, columns: any){\r\n\t\tlet orderField: any[string] = query[\"ORDER\"][\"keys\"];\r\n\t\tlet dir = query[\"ORDER\"][\"dir\"];\r\n\t\tif (orderField === undefined || dir === undefined){\r\n\t\t\treturn 1;\r\n\t\t}\r\n\t\tfor(let field of orderField) {\r\n\t\t\tif (!columns.includes(field)) {\r\n\t\t\t\treturn 2;\r\n\t\t\t}\r\n\t\t}\r\n\t\treturn 0;\r\n\t}\r\n\r\n\tpublic static convertCoursesField3(results: any, temp: any, obj: any) {\r\n\t\tif (NeedsThis.getDatasetKind(results[1], obj.data) === InsightDatasetKind.Courses &&\r\n\t\t\tresults[3] === undefined) {\r\n\t\t\tif (temp.split(\"_\")[1] !== undefined) {\r\n\t\t\t\ttemp = temp.split(\"_\")[1];\r\n\r\n\t\t\t\tif (InsightFacade.CONVERT_FIELDS.has(temp)) {\r\n\t\t\t\t\ttemp = InsightFacade.CONVERT_FIELDS.get(temp);\r\n\t\t\t\t}\r\n\t\t\t\tif (temp !== \"id\") {\r\n\t\t\t\t\ttemp = temp[0].toUpperCase() + temp.substring(1);\r\n\t\t\t\t}\r\n\t\t\t}\r\n\t\t}\r\n\t\treturn temp;\r\n\t}\r\n\r\n\tpublic static checkOrder(query: any, columns: any){\r\n\t\tif (NeedsThis.checkValidOrder(query, columns) === 1) {\r\n\t\t\treturn false;\r\n\r\n\t\t} else if (NeedsThis.checkValidOrder(query, columns) === 2) {\r\n\t\t\treturn false;\r\n\t\t}\r\n\t\treturn true;\r\n\t}\r\n}\r\n\r\nexport function checkValidZip(zip: JSZip){\r\n\tif (zip === undefined || zip === null){\r\n\t\treturn false;\r\n\t}\r\n\treturn true;\r\n}\r\n"]},"_coverageSchema":"1a1c01bbd47fc00a2c39e90264f33305004495a9","hash":"8f322dd2134fc3ff5f0fa10c83ad9bb09d4c1fb9","contentHash":"3ee16ea368384d8a1baaaafb72da80d71132e093efbedcd70fbd3625210d0232"}}